#
# A fatal error has been detected by the Java Runtime Environment:
#
#  SIGSEGV (0xb) at pc=0x00007b0e1595e9f1, pid=477374, tid=477400
#
# JRE version: OpenJDK Runtime Environment Microsoft-11369869 (17.0.15+6) (build 17.0.15+6-LTS)
# Java VM: OpenJDK 64-Bit Server VM Microsoft-11369869 (17.0.15+6-LTS, mixed mode, sharing, tiered, compressed oops, compressed class ptrs, g1 gc, linux-amd64)
# Problematic frame:
# V  [libjvm.so+0x55e9f1]  ciObjectFactory::create_new_metadata(Metadata*)+0x41
#
# Core dump will be written. Default location: Core dumps may be processed with "/lib/systemd/systemd-coredump %P %u %g %s %t 9223372036854775808 %h %d" (or dumping to /home/madhav-deshmukh/Documents/MDP/Microservices-lecs/section6/v1-springboot/accounts/core.477374)
#
# If you would like to submit a bug report, please visit:
#   https://github.com/microsoft/openjdk/issues
#

---------------  S U M M A R Y ------------

Command Line: -javaagent:/snap/intellij-idea-community/639/lib/idea_rt.jar=37627 -Dfile.encoding=UTF-8 com.eazybytes.accounts.AccountsApplication

Host: 13th Gen Intel(R) Core(TM) i5-1345U, 12 cores, 30G, Ubuntu 22.04.5 LTS
Time: Sun Aug 17 13:05:44 2025 IST elapsed time: 2552.474107 seconds (0d 0h 42m 32s)

---------------  T H R E A D  ---------------

Current thread (0x00007b0e10168160):  JavaThread "C1 CompilerThread0" daemon [_thread_in_vm, id=477400, stack(0x00007b0d8a300000,0x00007b0d8a400000)]


Current CompileTask:
C1:2552474 6371       3       java.util.Comparator::comparingLong (18 bytes)

Stack: [0x00007b0d8a300000,0x00007b0d8a400000],  sp=0x00007b0d8a3fdbb0,  free space=1014k
Native frames: (J=compiled Java code, j=interpreted, Vv=VM code, C=native code)
V  [libjvm.so+0x55e9f1]  ciObjectFactory::create_new_metadata(Metadata*)+0x41
V  [libjvm.so+0x55ecc0]  ciObjectFactory::get_metadata(Metadata*)+0x60
V  [libjvm.so+0x55eaf3]  ciObjectFactory::create_new_metadata(Metadata*)+0x143
V  [libjvm.so+0x55ecc0]  ciObjectFactory::get_metadata(Metadata*)+0x60
V  [libjvm.so+0x563f64]  ciBytecodeStream::get_method(bool&, ciSignature**)+0x104
V  [libjvm.so+0x481fb3]  GraphBuilder::invoke(Bytecodes::Code)+0x33
V  [libjvm.so+0x4839ab]  GraphBuilder::iterate_bytecodes_for_block(int)+0x59b
V  [libjvm.so+0x485f5d]  GraphBuilder::iterate_all_blocks(bool)+0x6d
V  [libjvm.so+0x4880a6]  GraphBuilder::GraphBuilder(Compilation*, IRScope*)+0x306
V  [libjvm.so+0x48d522]  IRScope::IRScope(Compilation*, IRScope*, int, ciMethod*, int, bool)+0x1a2
V  [libjvm.so+0x48d5e3]  IR::IR(Compilation*, ciMethod*, int)+0xa3
V  [libjvm.so+0x46715f]  Compilation::build_hir() [clone .part.0]+0x17f
V  [libjvm.so+0x468e2c]  Compilation::compile_java_method()+0x3bc
V  [libjvm.so+0x468f92]  Compilation::compile_method()+0x112
V  [libjvm.so+0x469354]  Compilation::Compilation(AbstractCompiler*, ciEnv*, ciMethod*, int, BufferBlob*, bool, DirectiveSet*)+0x204
V  [libjvm.so+0x469e81]  Compiler::compile_method(ciEnv*, ciMethod*, int, bool, DirectiveSet*)+0xb1
V  [libjvm.so+0x5ddf13]  CompileBroker::invoke_compiler_on_method(CompileTask*)+0xeb3
V  [libjvm.so+0x5dee18]  CompileBroker::compiler_thread_loop()+0x698
V  [libjvm.so+0xe775ee]  JavaThread::thread_main_inner()+0x1ae
V  [libjvm.so+0xe7aeda]  Thread::call_run()+0xaa
V  [libjvm.so+0xc352a3]  thread_native_entry(Thread*)+0xe3


siginfo: si_signo: 11 (SIGSEGV), si_code: 128 (SI_KERNEL), si_addr: 0x0000000000000000

Registers:
RAX=0x00007b0d8f473390, RBX=0x00007b0e10168160, RCX=0x00007b0d6444b450, RDX=0x00007b0e101693c0
RSP=0x00007b0d8a3fdbb0, RBP=0x00007b0d8a3fdbf0, RSI=0x00007b0d8f8cef60, RDI=0x00007b0d8f8cef60
R8 =0x00007b0d6444b220, R9 =0x00007b0d64006d40, R10=0x00007b0d64006d30, R11=0x0000000000000000
R12=0x00007b0d8f8cef60, R13=0x00007b0d7002a280, R14=0x00007b0e10168090, R15=0x0000000000000087
RIP=0x00007b0e1595e9f1, EFLAGS=0x0000000000010206, CSGSFS=0x002b000000000033, ERR=0x0000000000000000
  TRAPNO=0x000000000000000d

XMM[0]=0x00007b0e10168160 0x00007b0d8f6e2fc0
XMM[1]=0x00007b0e10168160 0x00007b0d8f8cef60
XMM[2]=0x0000000000000000 0x00007b0e10168160
XMM[3]=0x00007b0e10168160 0x00007b0d8f0d7c40
XMM[4]=0x00007b0d64006530 0x00007b0d6444d890
XMM[5]=0x0000000000000000 0x0000000000000000
XMM[6]=0x00007b0d64006670 0x00007b0d640012a0
XMM[7]=0x00007b0d64005d30 0x00007b0d64006b40
XMM[8]=0x72616873006c6f62 0x6d79730073252000
XMM[9]=0x0000000000000000 0x0000000000000000
XMM[10]=0x00007b0d8a3fdf50 0x00007b0e16647fc8
XMM[11]=0x00007b0d8a3fdf50 0x00007b0e16647f78
XMM[12]=0x00007b0d8a3fdf50 0x00007b0e16647f28
XMM[13]=0x00007b0d8a3fdf50 0x00007b0e16647d30
XMM[14]=0x00007b0d8a3fdf50 0x00007b0e16647cd8
XMM[15]=0x0000000000000001 0x0000000000000000
  MXCSR=0x00001fa0


Register to memory mapping:

RAX=0x00007b0d8f473390 is pointing into metadata
RBX=0x00007b0e10168160 is a thread
RCX=0x00007b0d6444b450 points into unknown readable memory: 0x00007b0e166c78b8 | b8 78 6c 16 0e 7b 00 00
RDX=0x00007b0e101693c0 points into unknown readable memory: 0x0000000000000003 | 03 00 00 00 00 00 00 00
RSP=0x00007b0d8a3fdbb0 is pointing into the stack for thread: 0x00007b0e10168160
RBP=0x00007b0d8a3fdbf0 is pointing into the stack for thread: 0x00007b0e10168160
RSI=0x00007b0d8f8cef60 is pointing into metadata
RDI=0x00007b0d8f8cef60 is pointing into metadata
R8 =0x00007b0d6444b220 points into unknown readable memory: 0x00007b0e166c78b8 | b8 78 6c 16 0e 7b 00 00
R9 =0x00007b0d64006d40 points into unknown readable memory: 0x00007b0d64005200 | 00 52 00 64 0d 7b 00 00
R10=0x00007b0d64006d30 points into unknown readable memory: 0x00007b0d64005200 | 00 52 00 64 0d 7b 00 00
R11=0x0 is NULL
R12=0x00007b0d8f8cef60 is pointing into metadata
R13=0x00007b0d7002a280 points into unknown readable memory: 0x00007b0d8a3fe8a8 | a8 e8 3f 8a 0d 7b 00 00
R14=0x00007b0e10168090 points into unknown readable memory: 0x0000001e00000003 | 03 00 00 00 1e 00 00 00
R15=0x0000000000000087 is an unknown value


Top of Stack: (sp=0x00007b0d8a3fdbb0)
0x00007b0d8a3fdbb0:   00007b0d8f8cef60 00007b0e10168160
0x00007b0d8a3fdbc0:   00007b0d8a3fe020 00007b0d6444d160
0x00007b0d8a3fdbd0:   0000000000000087 00007b0d8f8cef60
0x00007b0d8a3fdbe0:   00007b0d7002a280 00007b0e10168090
0x00007b0d8a3fdbf0:   00007b0d8a3fdc30 00007b0e1595ecc0
0x00007b0d8a3fdc00:   0000000000000000 00007b0e10168160
0x00007b0d8a3fdc10:   00007b0d8f8cef60 00007b0d7002a280
0x00007b0d8a3fdc20:   00007b0e10168090 0000000000000087
0x00007b0d8a3fdc30:   00007b0d8a3fdc80 00007b0e1595eaf3
0x00007b0d8a3fdc40:   00007b0d8f0d7c40 00007b0e10168160
0x00007b0d8a3fdc50:   00007b0d8f0d7c40 00007b0e10168160
0x00007b0d8a3fdc60:   0000000000000084 00007b0d8f0d7c40
0x00007b0d8a3fdc70:   00007b0d7002a280 00007b0d8a3fdcf0
0x00007b0d8a3fdc80:   00007b0d8a3fdcc0 00007b0e1595ecc0
0x00007b0d8a3fdc90:   00007b0d640054e0 00007b0e10168160
0x00007b0d8a3fdca0:   00007b0d8a3fde10 00000000000000ba
0x00007b0d8a3fdcb0:   00007b0d8a3fdcf0 00007b0d8a3fe8a0
0x00007b0d8a3fdcc0:   00007b0d8a3fdd30 00007b0e15963f64
0x00007b0d8a3fdcd0:   00000000000000b8 00007b0d6444b220
0x00007b0d8a3fdce0:   00007b0d8a3fdd98 00007b0d8a3fdd97
0x00007b0d8a3fdcf0:   00007b0d8f6e2fc0 00007b0e10168160
0x00007b0d8a3fdd00:   00007b0d8f6e2fc0 0000000000000000
0x00007b0d8a3fdd10:   0000000000000000 0000000000000000
0x00007b0d8a3fdd20:   00007b0d8a3fe020 00000000000000ba
0x00007b0d8a3fdd30:   00007b0d8a3fddd0 00007b0e15881fb3
0x00007b0d8a3fdd40:   00007b0d6444caa0 00007b0d8a3fe8a8
0x00007b0d8a3fdd50:   00007b0d64004d00 00007b0d6444b220
0x00007b0d8a3fdd60:   00007b0d6444ce50 0000000000000000
0x00007b0d8a3fdd70:   00007b0d00000000 0000000000000000
0x00007b0d8a3fdd80:   00007b0d6444ce50 00000000000000ba
0x00007b0d8a3fdd90:   01007b0d8a3fdde0 0000000000000000
0x00007b0d8a3fdda0:   00007b0d640052d0 0000000000000000 

Instructions: (pc=0x00007b0e1595e9f1)
0x00007b0e1595e8f1:   48 8d 44 c2 08 eb 11 0f 1f 84 00 00 00 00 00 48
0x00007b0e1595e901:   83 c2 08 48 39 d0 74 1f 4c 8b 22 45 39 6c 24 1c
0x00007b0e1595e911:   75 ed 48 83 c4 08 4c 89 e0 5b 41 5c 41 5d 5d c3
0x00007b0e1595e921:   0f 1f 80 00 00 00 00 48 8b 33 bf 20 00 00 00 e8
0x00007b0e1595e931:   2b 75 e6 ff 49 89 c4 48 85 c0 74 0b 44 89 ee 48
0x00007b0e1595e941:   89 c7 e8 38 6d 00 00 8b b3 98 00 00 00 4c 89 e7
0x00007b0e1595e951:   8d 46 01 89 83 98 00 00 00 e8 81 3b fe ff 48 63
0x00007b0e1595e961:   73 68 3b 73 6c 74 20 8d 46 01 89 43 68 48 8b 43
0x00007b0e1595e971:   70 4c 89 24 f0 48 83 c4 08 4c 89 e0 5b 41 5c 41
0x00007b0e1595e981:   5d 5d c3 0f 1f 40 00 48 8d 7b 68 e8 5f 2f 00 00
0x00007b0e1595e991:   48 63 73 68 8d 46 01 89 43 68 48 8b 43 70 4c 89
0x00007b0e1595e9a1:   24 f0 eb d1 90 66 2e 0f 1f 84 00 00 00 00 00 55
0x00007b0e1595e9b1:   48 89 e5 41 56 41 55 49 89 fd 41 54 49 89 f4 53
0x00007b0e1595e9c1:   48 83 ec 20 66 48 8d 3d 83 da d8 00 66 66 48 e8
0x00007b0e1595e9d1:   1b 3f cf ff 66 49 0f 6e cc 4c 89 e7 48 8b 18 49
0x00007b0e1595e9e1:   8b 04 24 66 48 0f 6e d3 66 0f 6c ca 0f 29 4d c0
0x00007b0e1595e9f1:   ff 50 08 84 c0 0f 84 8c 00 00 00 41 8b 44 24 08
0x00007b0e1595ea01:   85 c0 7f 4b 3d 00 00 00 c0 0f 8c c0 01 00 00 3d
0x00007b0e1595ea11:   ff ff ff bf 0f 86 e5 01 00 00 49 8b 75 00 bf 30
0x00007b0e1595ea21:   00 00 00 e8 37 74 e6 ff 49 89 c5 48 85 c0 74 40
0x00007b0e1595ea31:   4c 89 e6 48 89 c7 e8 74 70 00 00 48 83 c4 20 4c
0x00007b0e1595ea41:   89 e8 5b 41 5c 41 5d 41 5e 5d c3 0f 1f 40 00 49
0x00007b0e1595ea51:   8b 75 00 bf 90 00 00 00 e8 02 74 e6 ff 49 89 c5
0x00007b0e1595ea61:   48 85 c0 74 0b 4c 89 e6 48 89 c7 e8 7f c9 fe ff
0x00007b0e1595ea71:   48 83 c4 20 4c 89 e8 5b 41 5c 41 5d 41 5e 5d c3
0x00007b0e1595ea81:   0f 1f 80 00 00 00 00 49 8b 04 24 4c 89 e7 ff 50
0x00007b0e1595ea91:   10 84 c0 0f 84 a6 00 00 00 66 0f 6f 5d c0 0f 29
0x00007b0e1595eaa1:   5d d0 4d 85 e4 74 26 4c 8b b3 48 02 00 00 49 63
0x00007b0e1595eab1:   36 41 3b 76 04 0f 84 84 01 00 00 8d 46 01 41 89
0x00007b0e1595eac1:   06 49 8b 46 08 4c 89 24 f0 4c 8b 65 d0 49 8b 44
0x00007b0e1595ead1:   24 08 48 8b 93 70 05 00 00 48 8b 40 08 4c 8b 60
0x00007b0e1595eae1:   18 4d 85 e4 74 0f 48 8b 7a 38 4c 89 e6 e8 6d 01 


Stack slot to memory mapping:
stack at sp + 0 slots: 0x00007b0d8f8cef60 is pointing into metadata
stack at sp + 1 slots: 0x00007b0e10168160 is a thread
stack at sp + 2 slots: 0x00007b0d8a3fe020 is pointing into the stack for thread: 0x00007b0e10168160
stack at sp + 3 slots: 0x00007b0d6444d160 points into unknown readable memory: 0x592f00bb0b00c7ec | ec c7 00 0b bb 00 2f 59
stack at sp + 4 slots: 0x0000000000000087 is an unknown value
stack at sp + 5 slots: 0x00007b0d8f8cef60 is pointing into metadata
stack at sp + 6 slots: 0x00007b0d7002a280 points into unknown readable memory: 0x00007b0d8a3fe8a8 | a8 e8 3f 8a 0d 7b 00 00
stack at sp + 7 slots: 0x00007b0e10168090 points into unknown readable memory: 0x0000001e00000003 | 03 00 00 00 1e 00 00 00


---------------  P R O C E S S  ---------------

Threads class SMR info:
_java_thread_list=0x00007b0cfc003790, length=30, elements={
0x00007b0e1015bf20, 0x00007b0e1015d300, 0x00007b0e10162ac0, 0x00007b0e10163e70,
0x00007b0e10165280, 0x00007b0e10166c30, 0x00007b0e10168160, 0x00007b0e101715c0,
0x00007b0e1017cff0, 0x00007b0e105273a0, 0x00007b0e10524950, 0x00007b0d48db6ec0,
0x00007b0d0c001070, 0x00007b0d48d4e680, 0x00007b0d48ec0300, 0x00007b0d499db5c0,
0x00007b0d499df380, 0x00007b0d488fa390, 0x00007b0d488fade0, 0x00007b0d488fbcf0,
0x00007b0d488fcdc0, 0x00007b0d4843b210, 0x00007b0d4843c5c0, 0x00007b0d4843d890,
0x00007b0d4843ec80, 0x00007b0d4843ff60, 0x00007b0d48441240, 0x00007b0d488a3300,
0x00007b0d4889e640, 0x00007b0e1002d870
}

Java Threads: ( => current thread )
  0x00007b0e1015bf20 JavaThread "Reference Handler" daemon [_thread_blocked, id=477394, stack(0x00007b0d8af00000,0x00007b0d8b000000)]
  0x00007b0e1015d300 JavaThread "Finalizer" daemon [_thread_blocked, id=477395, stack(0x00007b0d8ae00000,0x00007b0d8af00000)]
  0x00007b0e10162ac0 JavaThread "Signal Dispatcher" daemon [_thread_blocked, id=477396, stack(0x00007b0d8a700000,0x00007b0d8a800000)]
  0x00007b0e10163e70 JavaThread "Service Thread" daemon [_thread_blocked, id=477397, stack(0x00007b0d8a600000,0x00007b0d8a700000)]
  0x00007b0e10165280 JavaThread "Monitor Deflation Thread" daemon [_thread_blocked, id=477398, stack(0x00007b0d8a500000,0x00007b0d8a600000)]
  0x00007b0e10166c30 JavaThread "C2 CompilerThread0" daemon [_thread_blocked, id=477399, stack(0x00007b0d8a400000,0x00007b0d8a500000)]
=>0x00007b0e10168160 JavaThread "C1 CompilerThread0" daemon [_thread_in_vm, id=477400, stack(0x00007b0d8a300000,0x00007b0d8a400000)]
  0x00007b0e101715c0 JavaThread "Sweeper thread" daemon [_thread_blocked, id=477401, stack(0x00007b0d8a200000,0x00007b0d8a300000)]
  0x00007b0e1017cff0 JavaThread "Common-Cleaner" daemon [_thread_blocked, id=477405, stack(0x00007b0d8a100000,0x00007b0d8a200000)]
  0x00007b0e105273a0 JavaThread "Monitor Ctrl-Break" daemon [_thread_in_native, id=477408, stack(0x00007b0d89f00000,0x00007b0d8a000000)]
  0x00007b0e10524950 JavaThread "Notification Thread" daemon [_thread_blocked, id=477409, stack(0x00007b0d89e00000,0x00007b0d89f00000)]
  0x00007b0d48db6ec0 JavaThread "Catalina-utility-1" [_thread_blocked, id=477445, stack(0x00007b0d88ef6000,0x00007b0d88ff6000)]
  0x00007b0d0c001070 JavaThread "Catalina-utility-2" [_thread_blocked, id=477446, stack(0x00007b0d88ff6000,0x00007b0d890f6000)]
  0x00007b0d48d4e680 JavaThread "container-0" [_thread_blocked, id=477447, stack(0x00007b0d88af3000,0x00007b0d88bf3000)]
  0x00007b0d48ec0300 JavaThread "HikariPool-1 housekeeper" daemon [_thread_blocked, id=477448, stack(0x00007b0d889f3000,0x00007b0d88af3000)]
  0x00007b0d499db5c0 JavaThread "File Watcher" daemon [_thread_blocked, id=477550, stack(0x00007b0d887f3000,0x00007b0d888f3000)]
  0x00007b0d499df380 JavaThread "Live Reload Server" daemon [_thread_in_native, id=477552, stack(0x00007b0d885f3000,0x00007b0d886f3000)]
  0x00007b0d488fa390 JavaThread "http-nio-8080-exec-1" daemon [_thread_blocked, id=477553, stack(0x00007b0d886f3000,0x00007b0d887f3000)]
  0x00007b0d488fade0 JavaThread "http-nio-8080-exec-2" daemon [_thread_blocked, id=477554, stack(0x00007b0d884f3000,0x00007b0d885f3000)]
  0x00007b0d488fbcf0 JavaThread "http-nio-8080-exec-3" daemon [_thread_blocked, id=477555, stack(0x00007b0d883f3000,0x00007b0d884f3000)]
  0x00007b0d488fcdc0 JavaThread "http-nio-8080-exec-4" daemon [_thread_blocked, id=477556, stack(0x00007b0d882f3000,0x00007b0d883f3000)]
  0x00007b0d4843b210 JavaThread "http-nio-8080-exec-5" daemon [_thread_blocked, id=477557, stack(0x00007b0d881f3000,0x00007b0d882f3000)]
  0x00007b0d4843c5c0 JavaThread "http-nio-8080-exec-6" daemon [_thread_blocked, id=477558, stack(0x00007b0d880f3000,0x00007b0d881f3000)]
  0x00007b0d4843d890 JavaThread "http-nio-8080-exec-7" daemon [_thread_blocked, id=477559, stack(0x00007b0ce3f00000,0x00007b0ce4000000)]
  0x00007b0d4843ec80 JavaThread "http-nio-8080-exec-8" daemon [_thread_blocked, id=477560, stack(0x00007b0ce3e00000,0x00007b0ce3f00000)]
  0x00007b0d4843ff60 JavaThread "http-nio-8080-exec-9" daemon [_thread_blocked, id=477561, stack(0x00007b0ce3d00000,0x00007b0ce3e00000)]
  0x00007b0d48441240 JavaThread "http-nio-8080-exec-10" daemon [_thread_blocked, id=477562, stack(0x00007b0ce3c00000,0x00007b0ce3d00000)]
  0x00007b0d488a3300 JavaThread "http-nio-8080-Poller" daemon [_thread_in_native, id=477563, stack(0x00007b0ce3b00000,0x00007b0ce3c00000)]
  0x00007b0d4889e640 JavaThread "http-nio-8080-Acceptor" daemon [_thread_in_native, id=477564, stack(0x00007b0ce3a00000,0x00007b0ce3b00000)]
  0x00007b0e1002d870 JavaThread "DestroyJavaVM" [_thread_blocked, id=477375, stack(0x00007b0e15219000,0x00007b0e15319000)]

Other Threads:
  0x00007b0e10157e60 VMThread "VM Thread" [stack: 0x00007b0de4028000,0x00007b0de4128000] [id=477393]
  0x00007b0e10030330 WatcherThread [stack: 0x00007b0d89d00000,0x00007b0d89e00000] [id=477410]
  0x00007b0e1005bf30 GCTaskThread "GC Thread#0" [stack: 0x00007b0e144b9000,0x00007b0e145b9000] [id=477378]
  0x00007b0d840065e0 GCTaskThread "GC Thread#1" [stack: 0x00007b0d898ff000,0x00007b0d899ff000] [id=477416]
  0x00007b0d84006ff0 GCTaskThread "GC Thread#2" [stack: 0x00007b0d897fe000,0x00007b0d898fe000] [id=477417]
  0x00007b0d84007a00 GCTaskThread "GC Thread#3" [stack: 0x00007b0d896fd000,0x00007b0d897fd000] [id=477418]
  0x00007b0d84008410 GCTaskThread "GC Thread#4" [stack: 0x00007b0d895fc000,0x00007b0d896fc000] [id=477419]
  0x00007b0d84008e20 GCTaskThread "GC Thread#5" [stack: 0x00007b0d894fb000,0x00007b0d895fb000] [id=477420]
  0x00007b0d84009860 GCTaskThread "GC Thread#6" [stack: 0x00007b0d893fa000,0x00007b0d894fa000] [id=477421]
  0x00007b0d8400a2c0 GCTaskThread "GC Thread#7" [stack: 0x00007b0d892f9000,0x00007b0d893f9000] [id=477422]
  0x00007b0d8400ad40 GCTaskThread "GC Thread#8" [stack: 0x00007b0d891f8000,0x00007b0d892f8000] [id=477423]
  0x00007b0d8400b7c0 GCTaskThread "GC Thread#9" [stack: 0x00007b0d890f7000,0x00007b0d891f7000] [id=477424]
  0x00007b0e1006cd50 ConcurrentGCThread "G1 Main Marker" [stack: 0x00007b0e143b8000,0x00007b0e144b8000] [id=477379]
  0x00007b0e1006dcc0 ConcurrentGCThread "G1 Conc#0" [stack: 0x00007b0e142b7000,0x00007b0e143b7000] [id=477380]
  0x00007b0dd8000eb0 ConcurrentGCThread "G1 Conc#1" [stack: 0x00007b0d88df6000,0x00007b0d88ef6000] [id=477442]
  0x00007b0dd8001650 ConcurrentGCThread "G1 Conc#2" [stack: 0x00007b0d88cf5000,0x00007b0d88df5000] [id=477443]
  0x00007b0e10129fb0 ConcurrentGCThread "G1 Refine#0" [stack: 0x00007b0de42fa000,0x00007b0de43fa000] [id=477381]
  0x00007b0dd0000eb0 ConcurrentGCThread "G1 Refine#1" [stack: 0x00007b0d88bf4000,0x00007b0d88cf4000] [id=477444]
  0x00007b0e1012aeb0 ConcurrentGCThread "G1 Service" [stack: 0x00007b0de41f9000,0x00007b0de42f9000] [id=477382]

Threads with active compile tasks:
C1 CompilerThread0  2552479 6371       3       java.util.Comparator::comparingLong (18 bytes)

VM state: not at safepoint (normal execution)

VM Mutex/Monitor currently owned by a thread: None

Heap address: 0x0000000610000000, size: 7936 MB, Compressed Oops mode: Zero based, Oop shift amount: 3

CDS archive(s) mapped at: [0x00007b0d8f000000-0x00007b0d8fbc9000-0x00007b0d8fbc9000), size 12357632, SharedBaseAddress: 0x00007b0d8f000000, ArchiveRelocationMode: 1.
Compressed class space mapped at: 0x00007b0d90000000-0x00007b0dd0000000, reserved size: 1073741824
Narrow klass base: 0x00007b0d8f000000, Narrow klass shift: 0, Narrow klass range: 0x100000000

GC Precious Log:
 CPUs: 12 total, 12 available
 Memory: 31742M
 Large Page Support: Disabled
 NUMA Support: Disabled
 Compressed Oops: Enabled (Zero based)
 Heap Region Size: 4M
 Heap Min Capacity: 8M
 Heap Initial Capacity: 496M
 Heap Max Capacity: 7936M
 Pre-touch: Disabled
 Parallel Workers: 10
 Concurrent Workers: 3
 Concurrent Refinement Workers: 10
 Periodic GC: Disabled

Heap:
 garbage-first heap   total 315392K, used 70085K [0x0000000610000000, 0x0000000800000000)
  region size 4096K, 10 young (40960K), 1 survivors (4096K)
 Metaspace       used 75915K, committed 76544K, reserved 1179648K
  class space    used 10451K, committed 10752K, reserved 1048576K

Heap Regions: E=young(eden), S=young(survivor), O=old, HS=humongous(starts), HC=humongous(continues), CS=collection set, F=free, OA=open archive, CA=closed archive, TAMS=top-at-mark-start (previous, next)
|   0|0x0000000610000000, 0x0000000610400000, 0x0000000610400000|100%| O|  |TAMS 0x0000000610400000, 0x0000000610000000| Untracked 
|   1|0x0000000610400000, 0x0000000610800000, 0x0000000610800000|100%| O|  |TAMS 0x0000000610800000, 0x0000000610400000| Untracked 
|   2|0x0000000610800000, 0x0000000610c00000, 0x0000000610c00000|100%| O|  |TAMS 0x0000000610c00000, 0x0000000610800000| Untracked 
|   3|0x0000000610c00000, 0x0000000611000000, 0x0000000611000000|100%| O|  |TAMS 0x0000000611000000, 0x0000000610c00000| Untracked 
|   4|0x0000000611000000, 0x0000000611400000, 0x0000000611400000|100%| O|  |TAMS 0x0000000611000000, 0x0000000611000000| Untracked 
|   5|0x0000000611400000, 0x0000000611800000, 0x0000000611800000|100%| O|  |TAMS 0x0000000611800000, 0x0000000611400000| Untracked 
|   6|0x0000000611800000, 0x0000000611c00000, 0x0000000611c00000|100%| O|  |TAMS 0x0000000611a8d200, 0x0000000611800000| Untracked 
|   7|0x0000000611c00000, 0x0000000611c84400, 0x0000000612000000| 12%| O|  |TAMS 0x0000000611c00000, 0x0000000611c00000| Untracked 
|   8|0x0000000612000000, 0x0000000612000000, 0x0000000612400000|  0%| F|  |TAMS 0x0000000612000000, 0x0000000612000000| Untracked 
|   9|0x0000000612400000, 0x0000000612400000, 0x0000000612800000|  0%| F|  |TAMS 0x0000000612400000, 0x0000000612400000| Untracked 
|  10|0x0000000612800000, 0x0000000612800000, 0x0000000612c00000|  0%| F|  |TAMS 0x0000000612800000, 0x0000000612800000| Untracked 
|  11|0x0000000612c00000, 0x0000000612c00000, 0x0000000613000000|  0%| F|  |TAMS 0x0000000612c00000, 0x0000000612c00000| Untracked 
|  12|0x0000000613000000, 0x0000000613000000, 0x0000000613400000|  0%| F|  |TAMS 0x0000000613000000, 0x0000000613000000| Untracked 
|  13|0x0000000613400000, 0x0000000613800000, 0x0000000613800000|100%| S|CS|TAMS 0x0000000613400000, 0x0000000613400000| Complete 
|  14|0x0000000613800000, 0x0000000613800000, 0x0000000613c00000|  0%| F|  |TAMS 0x0000000613800000, 0x0000000613800000| Untracked 
|  15|0x0000000613c00000, 0x0000000613c00000, 0x0000000614000000|  0%| F|  |TAMS 0x0000000613c00000, 0x0000000613c00000| Untracked 
|  16|0x0000000614000000, 0x0000000614000000, 0x0000000614400000|  0%| F|  |TAMS 0x0000000614000000, 0x0000000614000000| Untracked 
|  17|0x0000000614400000, 0x0000000614400000, 0x0000000614800000|  0%| F|  |TAMS 0x0000000614400000, 0x0000000614400000| Untracked 
|  18|0x0000000614800000, 0x0000000614800000, 0x0000000614c00000|  0%| F|  |TAMS 0x0000000614800000, 0x0000000614800000| Untracked 
|  19|0x0000000614c00000, 0x0000000614c00000, 0x0000000615000000|  0%| F|  |TAMS 0x0000000614c00000, 0x0000000614c00000| Untracked 
|  20|0x0000000615000000, 0x0000000615000000, 0x0000000615400000|  0%| F|  |TAMS 0x0000000615000000, 0x0000000615000000| Untracked 
|  21|0x0000000615400000, 0x0000000615400000, 0x0000000615800000|  0%| F|  |TAMS 0x0000000615400000, 0x0000000615400000| Untracked 
|  22|0x0000000615800000, 0x0000000615800000, 0x0000000615c00000|  0%| F|  |TAMS 0x0000000615800000, 0x0000000615800000| Untracked 
|  23|0x0000000615c00000, 0x0000000615c00000, 0x0000000616000000|  0%| F|  |TAMS 0x0000000615c00000, 0x0000000615c00000| Untracked 
|  24|0x0000000616000000, 0x0000000616000000, 0x0000000616400000|  0%| F|  |TAMS 0x0000000616000000, 0x0000000616000000| Untracked 
|  25|0x0000000616400000, 0x0000000616400000, 0x0000000616800000|  0%| F|  |TAMS 0x0000000616400000, 0x0000000616400000| Untracked 
|  26|0x0000000616800000, 0x0000000616800000, 0x0000000616c00000|  0%| F|  |TAMS 0x0000000616800000, 0x0000000616800000| Untracked 
|  27|0x0000000616c00000, 0x0000000616c00000, 0x0000000617000000|  0%| F|  |TAMS 0x0000000616c00000, 0x0000000616c00000| Untracked 
|  28|0x0000000617000000, 0x0000000617000000, 0x0000000617400000|  0%| F|  |TAMS 0x0000000617000000, 0x0000000617000000| Untracked 
|  29|0x0000000617400000, 0x0000000617400000, 0x0000000617800000|  0%| F|  |TAMS 0x0000000617400000, 0x0000000617400000| Untracked 
|  30|0x0000000617800000, 0x0000000617800000, 0x0000000617c00000|  0%| F|  |TAMS 0x0000000617800000, 0x0000000617800000| Untracked 
|  31|0x0000000617c00000, 0x0000000617c00000, 0x0000000618000000|  0%| F|  |TAMS 0x0000000617c00000, 0x0000000617c00000| Untracked 
|  32|0x0000000618000000, 0x0000000618000000, 0x0000000618400000|  0%| F|  |TAMS 0x0000000618000000, 0x0000000618000000| Untracked 
|  33|0x0000000618400000, 0x0000000618400000, 0x0000000618800000|  0%| F|  |TAMS 0x0000000618400000, 0x0000000618400000| Untracked 
|  34|0x0000000618800000, 0x0000000618800000, 0x0000000618c00000|  0%| F|  |TAMS 0x0000000618800000, 0x0000000618800000| Untracked 
|  35|0x0000000618c00000, 0x0000000618c00000, 0x0000000619000000|  0%| F|  |TAMS 0x0000000618c00000, 0x0000000618c00000| Untracked 
|  36|0x0000000619000000, 0x0000000619000000, 0x0000000619400000|  0%| F|  |TAMS 0x0000000619000000, 0x0000000619000000| Untracked 
|  37|0x0000000619400000, 0x0000000619400000, 0x0000000619800000|  0%| F|  |TAMS 0x0000000619400000, 0x0000000619400000| Untracked 
|  38|0x0000000619800000, 0x0000000619800000, 0x0000000619c00000|  0%| F|  |TAMS 0x0000000619800000, 0x0000000619800000| Untracked 
|  39|0x0000000619c00000, 0x0000000619c00000, 0x000000061a000000|  0%| F|  |TAMS 0x0000000619c00000, 0x0000000619c00000| Untracked 
|  40|0x000000061a000000, 0x000000061a000000, 0x000000061a400000|  0%| F|  |TAMS 0x000000061a000000, 0x000000061a000000| Untracked 
|  41|0x000000061a400000, 0x000000061a400000, 0x000000061a800000|  0%| F|  |TAMS 0x000000061a400000, 0x000000061a400000| Untracked 
|  42|0x000000061a800000, 0x000000061a800000, 0x000000061ac00000|  0%| F|  |TAMS 0x000000061a800000, 0x000000061a800000| Untracked 
|  43|0x000000061ac00000, 0x000000061ac00000, 0x000000061b000000|  0%| F|  |TAMS 0x000000061ac00000, 0x000000061ac00000| Untracked 
|  44|0x000000061b000000, 0x000000061b000000, 0x000000061b400000|  0%| F|  |TAMS 0x000000061b000000, 0x000000061b000000| Untracked 
|  45|0x000000061b400000, 0x000000061b400000, 0x000000061b800000|  0%| F|  |TAMS 0x000000061b400000, 0x000000061b400000| Untracked 
|  46|0x000000061b800000, 0x000000061b800000, 0x000000061bc00000|  0%| F|  |TAMS 0x000000061b800000, 0x000000061b800000| Untracked 
|  47|0x000000061bc00000, 0x000000061bc00000, 0x000000061c000000|  0%| F|  |TAMS 0x000000061bc00000, 0x000000061bc00000| Untracked 
|  48|0x000000061c000000, 0x000000061c000000, 0x000000061c400000|  0%| F|  |TAMS 0x000000061c000000, 0x000000061c000000| Untracked 
|  49|0x000000061c400000, 0x000000061c400000, 0x000000061c800000|  0%| F|  |TAMS 0x000000061c400000, 0x000000061c400000| Untracked 
|  50|0x000000061c800000, 0x000000061c800000, 0x000000061cc00000|  0%| F|  |TAMS 0x000000061c800000, 0x000000061c800000| Untracked 
|  51|0x000000061cc00000, 0x000000061cc00000, 0x000000061d000000|  0%| F|  |TAMS 0x000000061cc00000, 0x000000061cc00000| Untracked 
|  52|0x000000061d000000, 0x000000061d000000, 0x000000061d400000|  0%| F|  |TAMS 0x000000061d000000, 0x000000061d000000| Untracked 
|  53|0x000000061d400000, 0x000000061d400000, 0x000000061d800000|  0%| F|  |TAMS 0x000000061d400000, 0x000000061d400000| Untracked 
|  54|0x000000061d800000, 0x000000061d800000, 0x000000061dc00000|  0%| F|  |TAMS 0x000000061d800000, 0x000000061d800000| Untracked 
|  55|0x000000061dc00000, 0x000000061dc00000, 0x000000061e000000|  0%| F|  |TAMS 0x000000061dc00000, 0x000000061dc00000| Untracked 
|  56|0x000000061e000000, 0x000000061e000000, 0x000000061e400000|  0%| F|  |TAMS 0x000000061e000000, 0x000000061e000000| Untracked 
|  57|0x000000061e400000, 0x000000061e400000, 0x000000061e800000|  0%| F|  |TAMS 0x000000061e400000, 0x000000061e400000| Untracked 
|  58|0x000000061e800000, 0x000000061e800000, 0x000000061ec00000|  0%| F|  |TAMS 0x000000061e800000, 0x000000061e800000| Untracked 
|  59|0x000000061ec00000, 0x000000061ec00000, 0x000000061f000000|  0%| F|  |TAMS 0x000000061ec00000, 0x000000061ec00000| Untracked 
|  60|0x000000061f000000, 0x000000061f000000, 0x000000061f400000|  0%| F|  |TAMS 0x000000061f000000, 0x000000061f000000| Untracked 
|  61|0x000000061f400000, 0x000000061f400000, 0x000000061f800000|  0%| F|  |TAMS 0x000000061f400000, 0x000000061f400000| Untracked 
|  62|0x000000061f800000, 0x000000061f800000, 0x000000061fc00000|  0%| F|  |TAMS 0x000000061f800000, 0x000000061f800000| Untracked 
|  63|0x000000061fc00000, 0x000000061fc00000, 0x0000000620000000|  0%| F|  |TAMS 0x000000061fc00000, 0x000000061fc00000| Untracked 
|  64|0x0000000620000000, 0x0000000620000000, 0x0000000620400000|  0%| F|  |TAMS 0x0000000620000000, 0x0000000620000000| Untracked 
|  65|0x0000000620400000, 0x0000000620400000, 0x0000000620800000|  0%| F|  |TAMS 0x0000000620400000, 0x0000000620400000| Untracked 
|  66|0x0000000620800000, 0x0000000620bb8a28, 0x0000000620c00000| 93%| E|  |TAMS 0x0000000620800000, 0x0000000620800000| Complete 
|  67|0x0000000620c00000, 0x0000000621000000, 0x0000000621000000|100%| E|CS|TAMS 0x0000000620c00000, 0x0000000620c00000| Complete 
|  68|0x0000000621000000, 0x0000000621400000, 0x0000000621400000|100%| E|CS|TAMS 0x0000000621000000, 0x0000000621000000| Complete 
|  69|0x0000000621400000, 0x0000000621800000, 0x0000000621800000|100%| E|CS|TAMS 0x0000000621400000, 0x0000000621400000| Complete 
|  70|0x0000000621800000, 0x0000000621c00000, 0x0000000621c00000|100%| E|CS|TAMS 0x0000000621800000, 0x0000000621800000| Complete 
|  71|0x0000000621c00000, 0x0000000622000000, 0x0000000622000000|100%| E|CS|TAMS 0x0000000621c00000, 0x0000000621c00000| Complete 
|  72|0x0000000622000000, 0x0000000622400000, 0x0000000622400000|100%| E|CS|TAMS 0x0000000622000000, 0x0000000622000000| Complete 
|  73|0x0000000622400000, 0x0000000622800000, 0x0000000622800000|100%| E|CS|TAMS 0x0000000622400000, 0x0000000622400000| Complete 
| 123|0x000000062ec00000, 0x000000062f000000, 0x000000062f000000|100%| E|CS|TAMS 0x000000062ec00000, 0x000000062ec00000| Complete 
|1982|0x00000007ff800000, 0x00000007ffb75000, 0x00000007ffc00000| 86%|OA|  |TAMS 0x00000007ffb75000, 0x00000007ff800000| Untracked 
|1983|0x00000007ffc00000, 0x00000007ffc78000, 0x0000000800000000| 11%|CA|  |TAMS 0x00000007ffc78000, 0x00000007ffc00000| Untracked 

Card table byte_map: [0x00007b0df7300000,0x00007b0df8280000] _byte_map_base: 0x00007b0df4280000

Marking Bits (Prev, Next): (CMBitMap*) 0x00007b0e1005c9c0, (CMBitMap*) 0x00007b0e1005ca00
 Prev Bits: [0x00007b0dee600000, 0x00007b0df6200000)
 Next Bits: [0x00007b0de6a00000, 0x00007b0dee600000)

Polling page: 0x00007b0e16aed000

Metaspace:

Usage:
  Non-class:     63.93 MB used.
      Class:     10.21 MB used.
       Both:     74.14 MB used.

Virtual space:
  Non-class space:      128.00 MB reserved,      64.25 MB ( 50%) committed,  2 nodes.
      Class space:        1.00 GB reserved,      10.50 MB (  1%) committed,  1 nodes.
             Both:        1.12 GB reserved,      74.75 MB (  6%) committed. 

Chunk freelists:
   Non-Class:  15.55 MB
       Class:  5.42 MB
        Both:  20.97 MB

MaxMetaspaceSize: unlimited
CompressedClassSpaceSize: 1.00 GB
Initial GC threshold: 21.00 MB
Current GC threshold: 113.88 MB
CDS: on
MetaspaceReclaimPolicy: balanced
 - commit_granule_bytes: 65536.
 - commit_granule_words: 8192.
 - virtual_space_node_default_size: 8388608.
 - enlarge_chunks_in_place: 1.
 - new_chunks_are_fully_committed: 0.
 - uncommit_free_chunks: 1.
 - use_allocation_guard: 0.
 - handle_deallocations: 1.


Internal statistics:

num_allocs_failed_limit: 12.
num_arena_births: 774.
num_arena_deaths: 0.
num_vsnodes_births: 3.
num_vsnodes_deaths: 0.
num_space_committed: 1196.
num_space_uncommitted: 0.
num_chunks_returned_to_freelist: 12.
num_chunks_taken_from_freelist: 3607.
num_chunk_merges: 12.
num_chunk_splits: 2623.
num_chunks_enlarged: 2059.
num_inconsistent_stats: 0.

CodeHeap 'non-profiled nmethods': size=120028Kb used=4652Kb max_used=4652Kb free=115375Kb
 bounds [0x00007b0e00cc9000, 0x00007b0e01159000, 0x00007b0e08200000]
CodeHeap 'profiled nmethods': size=120028Kb used=10868Kb max_used=10868Kb free=109160Kb
 bounds [0x00007b0df9200000, 0x00007b0df9ca0000, 0x00007b0e00737000]
CodeHeap 'non-nmethods': size=5704Kb used=1349Kb max_used=1419Kb free=4355Kb
 bounds [0x00007b0e00737000, 0x00007b0e009a7000, 0x00007b0e00cc9000]
 total_blobs=6346 nmethods=5654 adapters=605
 compilation: enabled
              stopped_count=0, restarted_count=0
 full_count=0

Compilation events (20 events):
Event: 2442.373 Thread 0x00007b0e10166c30 nmethod 6361 0x00007b0e01153b90 code [0x00007b0e01153d20, 0x00007b0e01153db8]
Event: 2452.453 Thread 0x00007b0e10168160 6362   !   3       org.apache.catalina.core.StandardContext::getResources (38 bytes)
Event: 2452.454 Thread 0x00007b0e10168160 nmethod 6362 0x00007b0df9c98e90 code [0x00007b0df9c990c0, 0x00007b0df9c997e0]
Event: 2492.454 Thread 0x00007b0e10168160 6363   !   3       org.apache.catalina.core.StandardContext::getManager (38 bytes)
Event: 2492.455 Thread 0x00007b0e10168160 nmethod 6363 0x00007b0df9c99b10 code [0x00007b0df9c99d40, 0x00007b0df9c9a460]
Event: 2502.454 Thread 0x00007b0e10168160 6364   !   3       org.apache.catalina.startup.Tomcat$FixContextListener::lifecycleEvent (81 bytes)
Event: 2502.455 Thread 0x00007b0e10168160 nmethod 6364 0x00007b0df9c9a790 code [0x00007b0df9c9aa20, 0x00007b0df9c9b680]
Event: 2502.455 Thread 0x00007b0e10168160 6365       3       org.apache.catalina.LifecycleEvent::getLifecycle (8 bytes)
Event: 2502.455 Thread 0x00007b0e10168160 nmethod 6365 0x00007b0df9c9bc90 code [0x00007b0df9c9be40, 0x00007b0df9c9c0f0]
Event: 2522.743 Thread 0x00007b0e10168160 6366       3       com.zaxxer.hikari.util.ClockSource::plusMillis (11 bytes)
Event: 2522.744 Thread 0x00007b0e10168160 nmethod 6366 0x00007b0df9c9c190 code [0x00007b0df9c9c340, 0x00007b0df9c9c480]
Event: 2522.744 Thread 0x00007b0e10168160 6367       3       com.zaxxer.hikari.util.ClockSource$NanosecondClockSource::plusMillis0 (10 bytes)
Event: 2522.744 Thread 0x00007b0e10168160 nmethod 6367 0x00007b0df9c9c510 code [0x00007b0df9c9c6c0, 0x00007b0df9c9c800]
Event: 2522.744 Thread 0x00007b0e10168160 6368       1       com.zaxxer.hikari.HikariConfig::getMinimumIdle (5 bytes)
Event: 2522.745 Thread 0x00007b0e10168160 nmethod 6368 0x00007b0e01153e90 code [0x00007b0e01154020, 0x00007b0e011540f0]
Event: 2532.456 Thread 0x00007b0e10168160 6369       3       org.apache.catalina.core.StandardContext$1::bind (1 bytes)
Event: 2532.456 Thread 0x00007b0e10168160 nmethod 6369 0x00007b0df9c9c910 code [0x00007b0df9c9caa0, 0x00007b0df9c9cbb0]
Event: 2532.456 Thread 0x00007b0e10168160 6370       3       org.apache.catalina.core.StandardContext$1::unbind (1 bytes)
Event: 2532.456 Thread 0x00007b0e10168160 nmethod 6370 0x00007b0df9c9cc90 code [0x00007b0df9c9ce20, 0x00007b0df9c9cf30]
Event: 2552.456 Thread 0x00007b0e10168160 6371       3       java.util.Comparator::comparingLong (18 bytes)

GC Heap History (20 events):
Event: 0.967 GC heap before
{Heap before GC invocations=2 (full 0):
 garbage-first heap   total 516096K, used 56992K [0x0000000610000000, 0x0000000800000000)
  region size 4096K, 13 young (53248K), 1 survivors (4096K)
 Metaspace       used 20771K, committed 21056K, reserved 1114112K
  class space    used 2731K, committed 2880K, reserved 1048576K
}
Event: 0.973 GC heap after
{Heap after GC invocations=3 (full 0):
 garbage-first heap   total 516096K, used 16112K [0x0000000610000000, 0x0000000800000000)
  region size 4096K, 2 young (8192K), 2 survivors (8192K)
 Metaspace       used 20771K, committed 21056K, reserved 1114112K
  class space    used 2731K, committed 2880K, reserved 1048576K
}
Event: 0.993 GC heap before
{Heap before GC invocations=3 (full 0):
 garbage-first heap   total 516096K, used 20208K [0x0000000610000000, 0x0000000800000000)
  region size 4096K, 4 young (16384K), 2 survivors (8192K)
 Metaspace       used 21314K, committed 21504K, reserved 1114112K
  class space    used 2792K, committed 2880K, reserved 1048576K
}
Event: 0.996 GC heap after
{Heap after GC invocations=4 (full 0):
 garbage-first heap   total 516096K, used 16672K [0x0000000610000000, 0x0000000800000000)
  region size 4096K, 2 young (8192K), 2 survivors (8192K)
 Metaspace       used 21314K, committed 21504K, reserved 1114112K
  class space    used 2792K, committed 2880K, reserved 1048576K
}
Event: 1.453 GC heap before
{Heap before GC invocations=5 (full 0):
 garbage-first heap   total 98304K, used 65824K [0x0000000610000000, 0x0000000800000000)
  region size 4096K, 14 young (57344K), 2 survivors (8192K)
 Metaspace       used 25633K, committed 25920K, reserved 1114112K
  class space    used 3313K, committed 3456K, reserved 1048576K
}
Event: 1.458 GC heap after
{Heap after GC invocations=6 (full 0):
 garbage-first heap   total 98304K, used 19561K [0x0000000610000000, 0x0000000800000000)
  region size 4096K, 1 young (4096K), 1 survivors (4096K)
 Metaspace       used 25633K, committed 25920K, reserved 1114112K
  class space    used 3313K, committed 3456K, reserved 1048576K
}
Event: 1.503 GC heap before
{Heap before GC invocations=6 (full 0):
 garbage-first heap   total 98304K, used 23657K [0x0000000610000000, 0x0000000800000000)
  region size 4096K, 2 young (8192K), 1 survivors (4096K)
 Metaspace       used 26056K, committed 26368K, reserved 1114112K
  class space    used 3382K, committed 3520K, reserved 1048576K
}
Event: 1.507 GC heap after
{Heap after GC invocations=7 (full 0):
 garbage-first heap   total 303104K, used 20196K [0x0000000610000000, 0x0000000800000000)
  region size 4096K, 1 young (4096K), 1 survivors (4096K)
 Metaspace       used 26056K, committed 26368K, reserved 1114112K
  class space    used 3382K, committed 3520K, reserved 1048576K
}
Event: 2.315 GC heap before
{Heap before GC invocations=7 (full 0):
 garbage-first heap   total 303104K, used 81636K [0x0000000610000000, 0x0000000800000000)
  region size 4096K, 17 young (69632K), 1 survivors (4096K)
 Metaspace       used 35633K, committed 35968K, reserved 1114112K
  class space    used 4708K, committed 4864K, reserved 1048576K
}
Event: 2.319 GC heap after
{Heap after GC invocations=8 (full 0):
 garbage-first heap   total 303104K, used 24631K [0x0000000610000000, 0x0000000800000000)
  region size 4096K, 2 young (8192K), 2 survivors (8192K)
 Metaspace       used 35633K, committed 35968K, reserved 1114112K
  class space    used 4708K, committed 4864K, reserved 1048576K
}
Event: 3.315 GC heap before
{Heap before GC invocations=9 (full 0):
 garbage-first heap   total 122880K, used 90167K [0x0000000610000000, 0x0000000800000000)
  region size 4096K, 18 young (73728K), 2 survivors (8192K)
 Metaspace       used 49420K, committed 49792K, reserved 1114112K
  class space    used 6683K, committed 6848K, reserved 1048576K
}
Event: 3.322 GC heap after
{Heap after GC invocations=10 (full 0):
 garbage-first heap   total 122880K, used 28138K [0x0000000610000000, 0x0000000800000000)
  region size 4096K, 3 young (12288K), 3 survivors (12288K)
 Metaspace       used 49420K, committed 49792K, reserved 1114112K
  class space    used 6683K, committed 6848K, reserved 1048576K
}
Event: 3.419 GC heap before
{Heap before GC invocations=10 (full 0):
 garbage-first heap   total 122880K, used 32234K [0x0000000610000000, 0x0000000800000000)
  region size 4096K, 4 young (16384K), 3 survivors (12288K)
 Metaspace       used 50358K, committed 50816K, reserved 1114112K
  class space    used 6815K, committed 7040K, reserved 1048576K
}
Event: 3.424 GC heap after
{Heap after GC invocations=11 (full 0):
 garbage-first heap   total 122880K, used 28462K [0x0000000610000000, 0x0000000800000000)
  region size 4096K, 1 young (4096K), 1 survivors (4096K)
 Metaspace       used 50358K, committed 50816K, reserved 1114112K
  class space    used 6815K, committed 7040K, reserved 1048576K
}
Event: 3.926 GC heap before
{Heap before GC invocations=11 (full 0):
 garbage-first heap   total 122880K, used 65326K [0x0000000610000000, 0x0000000800000000)
  region size 4096K, 11 young (45056K), 1 survivors (4096K)
 Metaspace       used 59888K, committed 60288K, reserved 1114112K
  class space    used 8291K, committed 8512K, reserved 1048576K
}
Event: 3.928 GC heap after
{Heap after GC invocations=12 (full 0):
 garbage-first heap   total 122880K, used 29080K [0x0000000610000000, 0x0000000800000000)
  region size 4096K, 1 young (4096K), 1 survivors (4096K)
 Metaspace       used 59888K, committed 60288K, reserved 1114112K
  class space    used 8291K, committed 8512K, reserved 1048576K
}
Event: 4.576 GC heap before
{Heap before GC invocations=13 (full 0):
 garbage-first heap   total 122880K, used 86424K [0x0000000610000000, 0x0000000800000000)
  region size 4096K, 15 young (61440K), 1 survivors (4096K)
 Metaspace       used 69305K, committed 69824K, reserved 1114112K
  class space    used 9558K, committed 9792K, reserved 1048576K
}
Event: 4.580 GC heap after
{Heap after GC invocations=14 (full 0):
 garbage-first heap   total 122880K, used 33760K [0x0000000610000000, 0x0000000800000000)
  region size 4096K, 2 young (8192K), 2 survivors (8192K)
 Metaspace       used 69305K, committed 69824K, reserved 1114112K
  class space    used 9558K, committed 9792K, reserved 1048576K
}
Event: 734.320 GC heap before
{Heap before GC invocations=15 (full 0):
 garbage-first heap   total 122880K, used 91104K [0x0000000610000000, 0x0000000800000000)
  region size 4096K, 16 young (65536K), 2 survivors (8192K)
 Metaspace       used 75672K, committed 76224K, reserved 1179648K
  class space    used 10425K, committed 10688K, reserved 1048576K
}
Event: 734.328 GC heap after
{Heap after GC invocations=16 (full 0):
 garbage-first heap   total 315392K, used 37317K [0x0000000610000000, 0x0000000800000000)
  region size 4096K, 1 young (4096K), 1 survivors (4096K)
 Metaspace       used 75672K, committed 76224K, reserved 1179648K
  class space    used 10425K, committed 10688K, reserved 1048576K
}

Dll operation events (12 events):
Event: 0.003 Loaded shared library /home/madhav-deshmukh/.jdks/ms-17.0.15/lib/libjava.so
Event: 0.020 Loaded shared library /home/madhav-deshmukh/.jdks/ms-17.0.15/lib/libjsvml.so
Event: 0.067 Loaded shared library /home/madhav-deshmukh/.jdks/ms-17.0.15/lib/libzip.so
Event: 0.067 Loaded shared library /home/madhav-deshmukh/.jdks/ms-17.0.15/lib/libinstrument.so
Event: 0.069 Loaded shared library /home/madhav-deshmukh/.jdks/ms-17.0.15/lib/libnio.so
Event: 0.070 Loaded shared library /home/madhav-deshmukh/.jdks/ms-17.0.15/lib/libzip.so
Event: 0.129 Loaded shared library /home/madhav-deshmukh/.jdks/ms-17.0.15/lib/libnet.so
Event: 0.135 Loaded shared library /home/madhav-deshmukh/.jdks/ms-17.0.15/lib/libextnet.so
Event: 0.163 Loaded shared library /home/madhav-deshmukh/.jdks/ms-17.0.15/lib/libjimage.so
Event: 0.303 Loaded shared library /home/madhav-deshmukh/.jdks/ms-17.0.15/lib/libmanagement.so
Event: 0.307 Loaded shared library /home/madhav-deshmukh/.jdks/ms-17.0.15/lib/libmanagement_ext.so
Event: 2.971 Loaded shared library /home/madhav-deshmukh/.jdks/ms-17.0.15/lib/libverify.so

Deoptimization events (20 events):
Event: 734.335 Thread 0x00007b0e10524950 Uncommon trap: trap_request=0xffffffc6 fr.pc=0x00007b0e0114451c relative=0x0000000000000c5c
Event: 734.335 Thread 0x00007b0e10524950 Uncommon trap: reason=bimorphic_or_optimized_type_check action=maybe_recompile pc=0x00007b0e0114451c method=java.util.AbstractCollection.containsAll(Ljava/util/Collection;)Z @ 1 c2
Event: 734.335 Thread 0x00007b0e10524950 DEOPT PACKING pc=0x00007b0e0114451c sp=0x00007b0d89efe100
Event: 734.335 Thread 0x00007b0e10524950 DEOPT UNPACKING pc=0x00007b0e0078d699 sp=0x00007b0d89efe0d0 mode 2
Event: 734.335 Thread 0x00007b0e10524950 Uncommon trap: trap_request=0xffffffc6 fr.pc=0x00007b0e0114451c relative=0x0000000000000c5c
Event: 734.335 Thread 0x00007b0e10524950 Uncommon trap: reason=bimorphic_or_optimized_type_check action=maybe_recompile pc=0x00007b0e0114451c method=java.util.AbstractCollection.containsAll(Ljava/util/Collection;)Z @ 1 c2
Event: 734.335 Thread 0x00007b0e10524950 DEOPT PACKING pc=0x00007b0e0114451c sp=0x00007b0d89efdfa0
Event: 734.335 Thread 0x00007b0e10524950 DEOPT UNPACKING pc=0x00007b0e0078d699 sp=0x00007b0d89efdf70 mode 2
Event: 734.335 Thread 0x00007b0e10524950 Uncommon trap: trap_request=0xffffffc6 fr.pc=0x00007b0e0114451c relative=0x0000000000000c5c
Event: 734.335 Thread 0x00007b0e10524950 Uncommon trap: reason=bimorphic_or_optimized_type_check action=maybe_recompile pc=0x00007b0e0114451c method=java.util.AbstractCollection.containsAll(Ljava/util/Collection;)Z @ 1 c2
Event: 734.335 Thread 0x00007b0e10524950 DEOPT PACKING pc=0x00007b0e0114451c sp=0x00007b0d89efe100
Event: 734.335 Thread 0x00007b0e10524950 DEOPT UNPACKING pc=0x00007b0e0078d699 sp=0x00007b0d89efe0d0 mode 2
Event: 734.337 Thread 0x00007b0e10524950 Uncommon trap: trap_request=0xffffff45 fr.pc=0x00007b0e00e85e94 relative=0x00000000000002f4
Event: 734.337 Thread 0x00007b0e10524950 Uncommon trap: reason=unstable_if action=reinterpret pc=0x00007b0e00e85e94 method=java.util.stream.StreamOpFlag.fromCharacteristics(Ljava/util/Spliterator;)I @ 10 c2
Event: 734.337 Thread 0x00007b0e10524950 DEOPT PACKING pc=0x00007b0e00e85e94 sp=0x00007b0d89efe170
Event: 734.337 Thread 0x00007b0e10524950 DEOPT UNPACKING pc=0x00007b0e0078d699 sp=0x00007b0d89efe0c0 mode 2
Event: 734.338 Thread 0x00007b0e10524950 Uncommon trap: trap_request=0xffffff45 fr.pc=0x00007b0e00e74370 relative=0x0000000000000050
Event: 734.338 Thread 0x00007b0e10524950 Uncommon trap: reason=unstable_if action=reinterpret pc=0x00007b0e00e74370 method=java.util.stream.StreamOpFlag.fromCharacteristics(Ljava/util/Spliterator;)I @ 10 c2
Event: 734.338 Thread 0x00007b0e10524950 DEOPT PACKING pc=0x00007b0e00e74370 sp=0x00007b0d89efdb60
Event: 734.338 Thread 0x00007b0e10524950 DEOPT UNPACKING pc=0x00007b0e0078d699 sp=0x00007b0d89efdb18 mode 2

Classes loaded (20 events):
Event: 734.337 Loading class java/util/TreeMap$KeySpliterator
Event: 734.337 Loading class java/util/TreeMap$KeySpliterator done
Event: 734.341 Loading class java/util/stream/ReferencePipeline$5
Event: 734.341 Loading class java/util/stream/LongPipeline$StatelessOp
Event: 734.341 Loading class java/util/stream/LongPipeline
Event: 734.342 Loading class java/util/stream/LongStream
Event: 734.342 Loading class java/util/stream/LongStream done
Event: 734.342 Loading class java/util/stream/LongPipeline done
Event: 734.342 Loading class java/util/stream/LongPipeline$StatelessOp done
Event: 734.342 Loading class java/util/stream/ReferencePipeline$5 done
Event: 734.343 Loading class java/util/function/LongBinaryOperator
Event: 734.343 Loading class java/util/function/LongBinaryOperator done
Event: 734.343 Loading class java/util/stream/ReduceOps$10
Event: 734.343 Loading class java/util/stream/ReduceOps$10 done
Event: 734.343 Loading class java/util/stream/ReduceOps$8ReducingSink
Event: 734.343 Loading class java/util/stream/Sink$OfLong
Event: 734.343 Loading class java/util/stream/Sink$OfLong done
Event: 734.343 Loading class java/util/stream/ReduceOps$8ReducingSink done
Event: 734.343 Loading class java/util/stream/ReferencePipeline$5$1
Event: 734.343 Loading class java/util/stream/ReferencePipeline$5$1 done

Classes unloaded (0 events):
No events

Classes redefined (0 events):
No events

Internal exceptions (20 events):
Event: 4.616 Thread 0x00007b0d440042b0 Exception <a 'java/lang/IncompatibleClassChangeError'{0x000000062ee57690}: Found class java.lang.Object, but interface was expected> (0x000000062ee57690) 
thrown [src/hotspot/share/interpreter/linkResolver.cpp, line 826]
Event: 4.639 Thread 0x00007b0d440042b0 Implicit null exception at 0x00007b0e00e1463d to 0x00007b0e00e146f2
Event: 4.668 Thread 0x00007b0d440042b0 Exception <a 'java/lang/NoSuchMethodError'{0x000000061d832848}: 'void java.lang.invoke.DirectMethodHandle$Holder.invokeVirtual(java.lang.Object, java.lang.Object, long)'> (0x000000061d832848) 
thrown [src/hotspot/share/interpreter/linkResolver.cpp, line 758]
Event: 4.742 Thread 0x00007b0d440042b0 Exception <a 'java/lang/NoSuchMethodError'{0x000000061dbd1a18}: 'int java.lang.invoke.DirectMethodHandle$Holder.invokeStaticInit(java.lang.Object, java.lang.Object, java.lang.Object, java.lang.Object)'> (0x000000061dbd1a18) 
thrown [src/hotspot/share/interpreter/linkResolver.cpp, line 758]
Event: 4.851 Thread 0x00007b0d440042b0 Exception <a 'java/lang/IncompatibleClassChangeError'{0x000000061d720ef8}: Found class java.lang.Object, but interface was expected> (0x000000061d720ef8) 
thrown [src/hotspot/share/interpreter/linkResolver.cpp, line 826]
Event: 4.865 Thread 0x00007b0d440042b0 Exception <a 'java/lang/NoSuchMethodError'{0x000000061d7e4098}: 'java.lang.Object java.lang.invoke.DirectMethodHandle$Holder.newInvokeSpecial(java.lang.Object, java.lang.Object, java.lang.Object, java.lang.Object, java.lang.Object, java.lang.Object, java.lang.Object, java.lang.Object, java.lang.Object)'> (0x000000061d7e4098) 
thrown [src/hotspot/share/interpreter/linkResolver.cpp, line 758]
Event: 4.865 Thread 0x00007b0d440042b0 Exception <a 'java/lang/NoSuchMethodError'{0x000000061d7e8d90}: 'java.lang.Object java.lang.invoke.Invokers$Holder.linkToTargetMethod(java.lang.Object, java.lang.Object, java.lang.Object, java.lang.Object, java.lang.Object, java.lang.Object, java.lang.Object, java.lang.Object, java.lang.Object)'> (0x000000061d7e8d90) 
thrown [src/hotspot/share/interpreter/linkResolver.cpp, line 758]
Event: 5.020 Thread 0x00007b0d440042b0 Exception <a 'java/lang/NoSuchMethodError'{0x0000000615e091d0}: 'double java.lang.invoke.DirectMethodHandle$Holder.invokeStatic(java.lang.Object, java.lang.Object)'> (0x0000000615e091d0) 
thrown [src/hotspot/share/interpreter/linkResolver.cpp, line 758]
Event: 5.021 Thread 0x00007b0d440042b0 Exception <a 'java/lang/NoSuchMethodError'{0x0000000615e1d2f0}: 'int java.lang.invoke.DirectMethodHandle$Holder.invokeStatic(java.lang.Object, java.lang.Object, java.lang.Object, java.lang.Object, java.lang.Object)'> (0x0000000615e1d2f0) 
thrown [src/hotspot/share/interpreter/linkResolver.cpp, line 758]
Event: 5.146 Thread 0x00007b0d440042b0 Exception <a 'java/lang/NoSuchMethodError'{0x00000006155e1a50}: 'void java.lang.invoke.DirectMethodHandle$Holder.invokeStatic(java.lang.Object, java.lang.Object, double)'> (0x00000006155e1a50) 
thrown [src/hotspot/share/interpreter/linkResolver.cpp, line 758]
Event: 5.156 Thread 0x00007b0d440042b0 Exception <a 'java/lang/NoSuchMethodError'{0x000000061563d6b0}: 'double java.lang.invoke.DirectMethodHandle$Holder.invokeStatic(java.lang.Object, java.lang.Object, java.lang.Object)'> (0x000000061563d6b0) 
thrown [src/hotspot/share/interpreter/linkResolver.cpp, line 758]
Event: 5.162 Thread 0x00007b0d440042b0 Exception <a 'java/lang/NoSuchMethodError'{0x0000000615676558}: 'double java.lang.invoke.DirectMethodHandle$Holder.invokeInterface(java.lang.Object, java.lang.Object)'> (0x0000000615676558) 
thrown [src/hotspot/share/interpreter/linkResolver.cpp, line 758]
Event: 5.177 Thread 0x00007b0d440042b0 Exception <a 'java/lang/IncompatibleClassChangeError'{0x00000006157414b8}: Found class java.lang.Object, but interface was expected> (0x00000006157414b8) 
thrown [src/hotspot/share/interpreter/linkResolver.cpp, line 826]
Event: 5.183 Thread 0x00007b0d440042b0 Exception <a 'java/lang/NoSuchMethodError'{0x0000000615760a20}: 'java.lang.Object java.lang.invoke.DirectMethodHandle$Holder.newInvokeSpecial(java.lang.Object, java.lang.Object, int, java.lang.Object, java.lang.Object)'> (0x0000000615760a20) 
thrown [src/hotspot/share/interpreter/linkResolver.cpp, line 758]
Event: 5.232 Thread 0x00007b0d440042b0 Exception <a 'java/lang/IncompatibleClassChangeError'{0x0000000614f1e458}: Found class java.lang.Object, but interface was expected> (0x0000000614f1e458) 
thrown [src/hotspot/share/interpreter/linkResolver.cpp, line 826]
Event: 5.257 Thread 0x00007b0d440042b0 Implicit null exception at 0x00007b0e00e3ec75 to 0x00007b0e00e3ee64
Event: 24.783 Thread 0x00007b0d4889e640 Exception <a 'java/lang/NoSuchMethodError'{0x0000000614dda738}: 'java.lang.Object java.lang.invoke.DirectMethodHandle$Holder.invokeStaticInit(java.lang.Object, java.lang.Object, java.lang.Object, int, int)'> (0x0000000614dda738) 
thrown [src/hotspot/share/interpreter/linkResolver.cpp, line 758]
Event: 24.799 Thread 0x00007b0d488fa390 Exception <a 'java/lang/NoSuchMethodError'{0x0000000614473568}: 'java.lang.Object java.lang.invoke.DirectMethodHandle$Holder.invokeSpecial(java.lang.Object, java.lang.Object, java.lang.Object, java.lang.Object, java.lang.Object, long)'> (0x0000000614473568) 
thrown [src/hotspot/share/interpreter/linkResolver.cpp, line 758]
Event: 24.799 Thread 0x00007b0d488fa390 Exception <a 'java/lang/NoSuchMethodError'{0x0000000614476fa8}: 'java.lang.Object java.lang.invoke.Invokers$Holder.linkToTargetMethod(java.lang.Object, java.lang.Object, java.lang.Object, long, java.lang.Object)'> (0x0000000614476fa8) 
thrown [src/hotspot/share/interpreter/linkResolver.cpp, line 758]
Event: 734.340 Thread 0x00007b0e10524950 Exception <a 'java/lang/NoSuchMethodError'{0x000000062eca7f70}: 'long java.lang.invoke.DirectMethodHandle$Holder.invokeStatic(java.lang.Object, java.lang.Object, java.lang.Object)'> (0x000000062eca7f70) 
thrown [src/hotspot/share/interpreter/linkResolver.cpp, line 758]

VM Operations (20 events):
Event: 1179.388 Executing VM operation: Cleanup
Event: 1179.388 Executing VM operation: Cleanup done
Event: 1343.416 Executing VM operation: Cleanup
Event: 1343.417 Executing VM operation: Cleanup done
Event: 1602.455 Executing VM operation: Cleanup
Event: 1602.455 Executing VM operation: Cleanup done
Event: 1604.455 Executing VM operation: Cleanup
Event: 1604.455 Executing VM operation: Cleanup done
Event: 1620.458 Executing VM operation: Cleanup
Event: 1620.458 Executing VM operation: Cleanup done
Event: 1713.475 Executing VM operation: Cleanup
Event: 1713.475 Executing VM operation: Cleanup done
Event: 1760.482 Executing VM operation: Cleanup
Event: 1760.482 Executing VM operation: Cleanup done
Event: 1763.482 Executing VM operation: Cleanup
Event: 1763.482 Executing VM operation: Cleanup done
Event: 1796.489 Executing VM operation: Cleanup
Event: 1796.489 Executing VM operation: Cleanup done
Event: 2274.555 Executing VM operation: Cleanup
Event: 2274.555 Executing VM operation: Cleanup done

Memory protections (20 events):
Event: 5.191 Protecting memory [0x00007b0d882f3000,0x00007b0d882f7000] with protection modes 0
Event: 5.191 Protecting memory [0x00007b0d881f3000,0x00007b0d881f7000] with protection modes 0
Event: 5.191 Protecting memory [0x00007b0d880f3000,0x00007b0d880f7000] with protection modes 0
Event: 5.191 Protecting memory [0x00007b0ce3f00000,0x00007b0ce3f04000] with protection modes 0
Event: 5.191 Protecting memory [0x00007b0ce3e00000,0x00007b0ce3e04000] with protection modes 0
Event: 5.192 Protecting memory [0x00007b0ce3d00000,0x00007b0ce3d04000] with protection modes 0
Event: 5.192 Protecting memory [0x00007b0ce3c00000,0x00007b0ce3c04000] with protection modes 0
Event: 5.196 Protecting memory [0x00007b0ce3b00000,0x00007b0ce3b04000] with protection modes 0
Event: 5.197 Protecting memory [0x00007b0ce3a00000,0x00007b0ce3a04000] with protection modes 0
Event: 5.288 Protecting memory [0x00007b0e15219000,0x00007b0e1521d000] with protection modes 0
Event: 24.805 Protecting memory [0x00007b0d888f3000,0x00007b0d888f7000] with protection modes 0
Event: 24.835 Protecting memory [0x00007b0d8a000000,0x00007b0d8a004000] with protection modes 0
Event: 1760.067 Protecting memory [0x00007b0d888f3000,0x00007b0d888f7000] with protection modes 0
Event: 1760.069 Protecting memory [0x00007b0d8a000000,0x00007b0d8a004000] with protection modes 0
Event: 1770.302 Protecting memory [0x00007b0d8a000000,0x00007b0d8a004000] with protection modes 0
Event: 1770.303 Protecting memory [0x00007b0d888f3000,0x00007b0d888f7000] with protection modes 0
Event: 1779.071 Protecting memory [0x00007b0d888f3000,0x00007b0d888f7000] with protection modes 0
Event: 1779.072 Protecting memory [0x00007b0d8a000000,0x00007b0d8a004000] with protection modes 0
Event: 1796.061 Protecting memory [0x00007b0d8a000000,0x00007b0d8a004000] with protection modes 0
Event: 1796.062 Protecting memory [0x00007b0d888f3000,0x00007b0d888f7000] with protection modes 0

Nmethod flushes (20 events):
Event: 3.521 Thread 0x00007b0e101715c0 flushing  nmethod 0x00007b0df99c7990
Event: 3.521 Thread 0x00007b0e101715c0 flushing  nmethod 0x00007b0df99cc810
Event: 3.521 Thread 0x00007b0e101715c0 flushing  nmethod 0x00007b0df99cce10
Event: 3.521 Thread 0x00007b0e101715c0 flushing  nmethod 0x00007b0df99cd390
Event: 3.521 Thread 0x00007b0e101715c0 flushing  nmethod 0x00007b0df99cd790
Event: 3.521 Thread 0x00007b0e101715c0 flushing  nmethod 0x00007b0df99cdb90
Event: 3.521 Thread 0x00007b0e101715c0 flushing  nmethod 0x00007b0df99dd210
Event: 3.521 Thread 0x00007b0e101715c0 flushing  nmethod 0x00007b0df99df510
Event: 3.521 Thread 0x00007b0e101715c0 flushing  nmethod 0x00007b0df99dfc10
Event: 3.521 Thread 0x00007b0e101715c0 flushing  nmethod 0x00007b0df99e0690
Event: 3.521 Thread 0x00007b0e101715c0 flushing  nmethod 0x00007b0df99e0a90
Event: 3.522 Thread 0x00007b0e101715c0 flushing  nmethod 0x00007b0df99e2f90
Event: 3.522 Thread 0x00007b0e101715c0 flushing  nmethod 0x00007b0df99fa890
Event: 3.522 Thread 0x00007b0e101715c0 flushing  nmethod 0x00007b0df99fac90
Event: 3.522 Thread 0x00007b0e101715c0 flushing  nmethod 0x00007b0df9a2f790
Event: 3.522 Thread 0x00007b0e101715c0 flushing  nmethod 0x00007b0df9a31610
Event: 3.522 Thread 0x00007b0e101715c0 flushing  nmethod 0x00007b0df9a3ea10
Event: 3.522 Thread 0x00007b0e101715c0 flushing  nmethod 0x00007b0df9ace790
Event: 4.522 Thread 0x00007b0e101715c0 flushing  nmethod 0x00007b0df94f4f10
Event: 4.522 Thread 0x00007b0e101715c0 flushing  nmethod 0x00007b0df94f5d10

Events (20 events):
Event: 24.805 Thread 0x00007b0e10166c30 Thread added: 0x00007b0d70095b90
Event: 24.835 Thread 0x00007b0e10168160 Thread added: 0x00007b0d64452950
Event: 30.259 Thread 0x00007b0d64452950 Thread exited: 0x00007b0d64452950
Event: 31.773 Thread 0x00007b0d70095b90 Thread exited: 0x00007b0d70095b90
Event: 1760.067 Thread 0x00007b0d48ec0300 Thread added: 0x00007b0d080020a0
Event: 1760.069 Thread 0x00007b0d080020a0 Thread added: 0x00007b0cfc002d80
Event: 1768.914 Thread 0x00007b0d080020a0 Thread exited: 0x00007b0d080020a0
Event: 1768.946 Thread 0x00007b0cfc002d80 Thread exited: 0x00007b0cfc002d80
Event: 1770.302 Thread 0x00007b0d48ec0300 Thread added: 0x00007b0d080020a0
Event: 1770.303 Thread 0x00007b0d080020a0 Thread added: 0x00007b0d60369ce0
Event: 1778.105 Thread 0x00007b0d080020a0 Thread exited: 0x00007b0d080020a0
Event: 1778.136 Thread 0x00007b0d60369ce0 Thread exited: 0x00007b0d60369ce0
Event: 1779.071 Thread 0x00007b0d48ec0300 Thread added: 0x00007b0d080020a0
Event: 1779.072 Thread 0x00007b0d080020a0 Thread added: 0x00007b0cfc002d80
Event: 1787.681 Thread 0x00007b0d080020a0 Thread exited: 0x00007b0d080020a0
Event: 1787.713 Thread 0x00007b0cfc002d80 Thread exited: 0x00007b0cfc002d80
Event: 1796.061 Thread 0x00007b0d48ec0300 Thread added: 0x00007b0d080020a0
Event: 1796.062 Thread 0x00007b0d080020a0 Thread added: 0x00007b0d60369ce0
Event: 1801.063 Thread 0x00007b0d080020a0 Thread exited: 0x00007b0d080020a0
Event: 1801.095 Thread 0x00007b0d60369ce0 Thread exited: 0x00007b0d60369ce0


Dynamic libraries:
610000000-622800000 rw-p 00000000 00:00 0 
622800000-62ec00000 ---p 00000000 00:00 0 
62ec00000-62f000000 rw-p 00000000 00:00 0 
62f000000-7ff800000 ---p 00000000 00:00 0 
7ff800000-7ffb00000 rw-p 00000000 00:00 0 
7ffb00000-7ffb75000 rw-p 00c79000 fc:01 10253618                         /home/madhav-deshmukh/.jdks/ms-17.0.15/lib/server/classes.jsa
7ffb75000-7ffc00000 rw-p 00000000 00:00 0 
7ffc00000-7ffc78000 rw-p 00c01000 fc:01 10253618                         /home/madhav-deshmukh/.jdks/ms-17.0.15/lib/server/classes.jsa
7ffc78000-800000000 rw-p 00000000 00:00 0 
5f8cf4b7e000-5f8cf4b7f000 r-xp 00000000 fc:01 10253101                   /home/madhav-deshmukh/.jdks/ms-17.0.15/bin/java
5f8cf4b80000-5f8cf4b81000 r--p 00001000 fc:01 10253101                   /home/madhav-deshmukh/.jdks/ms-17.0.15/bin/java
5f8cf4b81000-5f8cf4b82000 rw-p 00002000 fc:01 10253101                   /home/madhav-deshmukh/.jdks/ms-17.0.15/bin/java
5f8d2002d000-5f8d20077000 rw-p 00000000 00:00 0                          [heap]
7b0cbc000000-7b0cbc080000 rw-p 00000000 00:00 0 
7b0cbc080000-7b0cc0000000 ---p 00000000 00:00 0 
7b0cc0000000-7b0cc0030000 rw-p 00000000 00:00 0 
7b0cc0030000-7b0cc4000000 ---p 00000000 00:00 0 
7b0cc8000000-7b0cc8021000 rw-p 00000000 00:00 0 
7b0cc8021000-7b0ccc000000 ---p 00000000 00:00 0 
7b0ccc000000-7b0ccc021000 rw-p 00000000 00:00 0 
7b0ccc021000-7b0cd0000000 ---p 00000000 00:00 0 
7b0cd0000000-7b0cd0021000 rw-p 00000000 00:00 0 
7b0cd0021000-7b0cd4000000 ---p 00000000 00:00 0 
7b0cd4000000-7b0cd4021000 rw-p 00000000 00:00 0 
7b0cd4021000-7b0cd8000000 ---p 00000000 00:00 0 
7b0cd8000000-7b0cd8021000 rw-p 00000000 00:00 0 
7b0cd8021000-7b0cdc000000 ---p 00000000 00:00 0 
7b0cdc000000-7b0cdc021000 rw-p 00000000 00:00 0 
7b0cdc021000-7b0ce0000000 ---p 00000000 00:00 0 
7b0ce3a00000-7b0ce3a04000 ---p 00000000 00:00 0 
7b0ce3a04000-7b0ce3b00000 rw-p 00000000 00:00 0 
7b0ce3b00000-7b0ce3b04000 ---p 00000000 00:00 0 
7b0ce3b04000-7b0ce3c00000 rw-p 00000000 00:00 0 
7b0ce3c00000-7b0ce3c04000 ---p 00000000 00:00 0 
7b0ce3c04000-7b0ce3d00000 rw-p 00000000 00:00 0 
7b0ce3d00000-7b0ce3d04000 ---p 00000000 00:00 0 
7b0ce3d04000-7b0ce3e00000 rw-p 00000000 00:00 0 
7b0ce3e00000-7b0ce3e04000 ---p 00000000 00:00 0 
7b0ce3e04000-7b0ce3f00000 rw-p 00000000 00:00 0 
7b0ce3f00000-7b0ce3f04000 ---p 00000000 00:00 0 
7b0ce3f04000-7b0ce4000000 rw-p 00000000 00:00 0 
7b0ce4000000-7b0ce4021000 rw-p 00000000 00:00 0 
7b0ce4021000-7b0ce8000000 ---p 00000000 00:00 0 
7b0ce8000000-7b0ce8021000 rw-p 00000000 00:00 0 
7b0ce8021000-7b0cec000000 ---p 00000000 00:00 0 
7b0cec000000-7b0cec021000 rw-p 00000000 00:00 0 
7b0cec021000-7b0cf0000000 ---p 00000000 00:00 0 
7b0cf0000000-7b0cf0021000 rw-p 00000000 00:00 0 
7b0cf0021000-7b0cf4000000 ---p 00000000 00:00 0 
7b0cf4000000-7b0cf4303000 rw-p 00000000 00:00 0 
7b0cf4303000-7b0cf8000000 ---p 00000000 00:00 0 
7b0cf8000000-7b0cf8021000 rw-p 00000000 00:00 0 
7b0cf8021000-7b0cfc000000 ---p 00000000 00:00 0 
7b0cfc000000-7b0cfcf43000 rw-p 00000000 00:00 0 
7b0cfcf43000-7b0d00000000 ---p 00000000 00:00 0 
7b0d00000000-7b0d00021000 rw-p 00000000 00:00 0 
7b0d00021000-7b0d04000000 ---p 00000000 00:00 0 
7b0d04000000-7b0d04021000 rw-p 00000000 00:00 0 
7b0d04021000-7b0d08000000 ---p 00000000 00:00 0 
7b0d08000000-7b0d08021000 rw-p 00000000 00:00 0 
7b0d08021000-7b0d0c000000 ---p 00000000 00:00 0 
7b0d0c000000-7b0d0c021000 rw-p 00000000 00:00 0 
7b0d0c021000-7b0d10000000 ---p 00000000 00:00 0 
7b0d10000000-7b0d10021000 rw-p 00000000 00:00 0 
7b0d10021000-7b0d14000000 ---p 00000000 00:00 0 
7b0d14000000-7b0d14056000 rw-p 00000000 00:00 0 
7b0d14056000-7b0d18000000 ---p 00000000 00:00 0 
7b0d18000000-7b0d18021000 rw-p 00000000 00:00 0 
7b0d18021000-7b0d1c000000 ---p 00000000 00:00 0 
7b0d1c000000-7b0d1c021000 rw-p 00000000 00:00 0 
7b0d1c021000-7b0d20000000 ---p 00000000 00:00 0 
7b0d20000000-7b0d203e8000 rw-p 00000000 00:00 0 
7b0d203e8000-7b0d24000000 ---p 00000000 00:00 0 
7b0d24000000-7b0d2402e000 rw-p 00000000 00:00 0 
7b0d2402e000-7b0d28000000 ---p 00000000 00:00 0 
7b0d28000000-7b0d28021000 rw-p 00000000 00:00 0 
7b0d28021000-7b0d2c000000 ---p 00000000 00:00 0 
7b0d2c000000-7b0d2c021000 rw-p 00000000 00:00 0 
7b0d2c021000-7b0d30000000 ---p 00000000 00:00 0 
7b0d30000000-7b0d30021000 rw-p 00000000 00:00 0 
7b0d30021000-7b0d34000000 ---p 00000000 00:00 0 
7b0d34000000-7b0d34021000 rw-p 00000000 00:00 0 
7b0d34021000-7b0d38000000 ---p 00000000 00:00 0 
7b0d38000000-7b0d38021000 rw-p 00000000 00:00 0 
7b0d38021000-7b0d3c000000 ---p 00000000 00:00 0 
7b0d3c000000-7b0d3c021000 rw-p 00000000 00:00 0 
7b0d3c021000-7b0d40000000 ---p 00000000 00:00 0 
7b0d40000000-7b0d40021000 rw-p 00000000 00:00 0 
7b0d40021000-7b0d44000000 ---p 00000000 00:00 0 
7b0d44000000-7b0d44021000 rw-p 00000000 00:00 0 
7b0d44021000-7b0d48000000 ---p 00000000 00:00 0 
7b0d48000000-7b0d499ec000 rw-p 00000000 00:00 0 
7b0d499ec000-7b0d4c000000 ---p 00000000 00:00 0 
7b0d4c000000-7b0d4c021000 rw-p 00000000 00:00 0 
7b0d4c021000-7b0d50000000 ---p 00000000 00:00 0 
7b0d50000000-7b0d52641000 rw-p 00000000 00:00 0 
7b0d52641000-7b0d54000000 ---p 00000000 00:00 0 
7b0d54000000-7b0d54021000 rw-p 00000000 00:00 0 
7b0d54021000-7b0d58000000 ---p 00000000 00:00 0 
7b0d58000000-7b0d58021000 rw-p 00000000 00:00 0 
7b0d58021000-7b0d5c000000 ---p 00000000 00:00 0 
7b0d5c000000-7b0d5c021000 rw-p 00000000 00:00 0 
7b0d5c021000-7b0d60000000 ---p 00000000 00:00 0 
7b0d60000000-7b0d61ded000 rw-p 00000000 00:00 0 
7b0d61ded000-7b0d64000000 ---p 00000000 00:00 0 
7b0d64000000-7b0d64c50000 rw-p 00000000 00:00 0 
7b0d64c50000-7b0d68000000 ---p 00000000 00:00 0 
7b0d68000000-7b0d68021000 rw-p 00000000 00:00 0 
7b0d68021000-7b0d6c000000 ---p 00000000 00:00 0 
7b0d6c000000-7b0d6c021000 rw-p 00000000 00:00 0 
7b0d6c021000-7b0d70000000 ---p 00000000 00:00 0 
7b0d70000000-7b0d71a77000 rw-p 00000000 00:00 0 
7b0d71a77000-7b0d74000000 ---p 00000000 00:00 0 
7b0d74000000-7b0d74021000 rw-p 00000000 00:00 0 
7b0d74021000-7b0d78000000 ---p 00000000 00:00 0 
7b0d78000000-7b0d78021000 rw-p 00000000 00:00 0 
7b0d78021000-7b0d7c000000 ---p 00000000 00:00 0 
7b0d7c000000-7b0d7c021000 rw-p 00000000 00:00 0 
7b0d7c021000-7b0d80000000 ---p 00000000 00:00 0 
7b0d80000000-7b0d80021000 rw-p 00000000 00:00 0 
7b0d80021000-7b0d84000000 ---p 00000000 00:00 0 
7b0d84000000-7b0d84021000 rw-p 00000000 00:00 0 
7b0d84021000-7b0d88000000 ---p 00000000 00:00 0 
7b0d880f3000-7b0d880f7000 ---p 00000000 00:00 0 
7b0d880f7000-7b0d881f3000 rw-p 00000000 00:00 0 
7b0d881f3000-7b0d881f7000 ---p 00000000 00:00 0 
7b0d881f7000-7b0d882f3000 rw-p 00000000 00:00 0 
7b0d882f3000-7b0d882f7000 ---p 00000000 00:00 0 
7b0d882f7000-7b0d883f3000 rw-p 00000000 00:00 0 
7b0d883f3000-7b0d883f7000 ---p 00000000 00:00 0 
7b0d883f7000-7b0d884f3000 rw-p 00000000 00:00 0 
7b0d884f3000-7b0d884f7000 ---p 00000000 00:00 0 
7b0d884f7000-7b0d885f3000 rw-p 00000000 00:00 0 
7b0d885f3000-7b0d885f7000 ---p 00000000 00:00 0 
7b0d885f7000-7b0d886f3000 rw-p 00000000 00:00 0 
7b0d886f3000-7b0d886f7000 ---p 00000000 00:00 0 
7b0d886f7000-7b0d887f3000 rw-p 00000000 00:00 0 
7b0d887f3000-7b0d887f7000 ---p 00000000 00:00 0 
7b0d887f7000-7b0d888f3000 rw-p 00000000 00:00 0 
7b0d888f3000-7b0d888f7000 ---p 00000000 00:00 0 
7b0d888f7000-7b0d889f3000 rw-p 00000000 00:00 0 
7b0d889f3000-7b0d889f7000 ---p 00000000 00:00 0 
7b0d889f7000-7b0d88af3000 rw-p 00000000 00:00 0 
7b0d88af3000-7b0d88af7000 ---p 00000000 00:00 0 
7b0d88af7000-7b0d88bf3000 rw-p 00000000 00:00 0 
7b0d88bf3000-7b0d88bf4000 ---p 00000000 00:00 0 
7b0d88bf4000-7b0d88cf4000 rw-p 00000000 00:00 0 
7b0d88cf4000-7b0d88cf5000 ---p 00000000 00:00 0 
7b0d88cf5000-7b0d88df5000 rw-p 00000000 00:00 0 
7b0d88df5000-7b0d88df6000 ---p 00000000 00:00 0 
7b0d88df6000-7b0d88ef6000 rw-p 00000000 00:00 0 
7b0d88ef6000-7b0d88efa000 ---p 00000000 00:00 0 
7b0d88efa000-7b0d88ff6000 rw-p 00000000 00:00 0 
7b0d88ff6000-7b0d88ffa000 ---p 00000000 00:00 0 
7b0d88ffa000-7b0d890f6000 rw-p 00000000 00:00 0 
7b0d890f6000-7b0d890f7000 ---p 00000000 00:00 0 
7b0d890f7000-7b0d891f7000 rw-p 00000000 00:00 0 
7b0d891f7000-7b0d891f8000 ---p 00000000 00:00 0 
7b0d891f8000-7b0d892f8000 rw-p 00000000 00:00 0 
7b0d892f8000-7b0d892f9000 ---p 00000000 00:00 0 
7b0d892f9000-7b0d893f9000 rw-p 00000000 00:00 0 
7b0d893f9000-7b0d893fa000 ---p 00000000 00:00 0 
7b0d893fa000-7b0d894fa000 rw-p 00000000 00:00 0 
7b0d894fa000-7b0d894fb000 ---p 00000000 00:00 0 
7b0d894fb000-7b0d895fb000 rw-p 00000000 00:00 0 
7b0d895fb000-7b0d895fc000 ---p 00000000 00:00 0 
7b0d895fc000-7b0d896fc000 rw-p 00000000 00:00 0 
7b0d896fc000-7b0d896fd000 ---p 00000000 00:00 0 
7b0d896fd000-7b0d897fd000 rw-p 00000000 00:00 0 
7b0d897fd000-7b0d897fe000 ---p 00000000 00:00 0 
7b0d897fe000-7b0d898fe000 rw-p 00000000 00:00 0 
7b0d898fe000-7b0d898ff000 ---p 00000000 00:00 0 
7b0d898ff000-7b0d899ff000 rw-p 00000000 00:00 0 
7b0d899ff000-7b0d89a03000 ---p 00000000 00:00 0 
7b0d89a03000-7b0d89aff000 rw-p 00000000 00:00 0 
7b0d89aff000-7b0d89b03000 ---p 00000000 00:00 0 
7b0d89b03000-7b0d89bff000 rw-p 00000000 00:00 0 
7b0d89bff000-7b0d89c03000 ---p 00000000 00:00 0 
7b0d89c03000-7b0d89cff000 rw-p 00000000 00:00 0 
7b0d89cff000-7b0d89d00000 ---p 00000000 00:00 0 
7b0d89d00000-7b0d89e00000 rw-p 00000000 00:00 0 
7b0d89e00000-7b0d89e04000 ---p 00000000 00:00 0 
7b0d89e04000-7b0d89f00000 rw-p 00000000 00:00 0 
7b0d89f00000-7b0d89f04000 ---p 00000000 00:00 0 
7b0d89f04000-7b0d8a000000 rw-p 00000000 00:00 0 
7b0d8a000000-7b0d8a004000 ---p 00000000 00:00 0 
7b0d8a004000-7b0d8a100000 rw-p 00000000 00:00 0 
7b0d8a100000-7b0d8a104000 ---p 00000000 00:00 0 
7b0d8a104000-7b0d8a200000 rw-p 00000000 00:00 0 
7b0d8a200000-7b0d8a204000 ---p 00000000 00:00 0 
7b0d8a204000-7b0d8a300000 rw-p 00000000 00:00 0 
7b0d8a300000-7b0d8a304000 ---p 00000000 00:00 0 
7b0d8a304000-7b0d8a400000 rw-p 00000000 00:00 0 
7b0d8a400000-7b0d8a404000 ---p 00000000 00:00 0 
7b0d8a404000-7b0d8a500000 rw-p 00000000 00:00 0 
7b0d8a500000-7b0d8a504000 ---p 00000000 00:00 0 
7b0d8a504000-7b0d8a600000 rw-p 00000000 00:00 0 
7b0d8a600000-7b0d8a604000 ---p 00000000 00:00 0 
7b0d8a604000-7b0d8a700000 rw-p 00000000 00:00 0 
7b0d8a700000-7b0d8a704000 ---p 00000000 00:00 0 
7b0d8a704000-7b0d8a800000 rw-p 00000000 00:00 0 
7b0d8a800000-7b0d8ad73000 r--p 00000000 fc:01 6822835                    /usr/lib/locale/locale-archive
7b0d8ae00000-7b0d8ae04000 ---p 00000000 00:00 0 
7b0d8ae04000-7b0d8af00000 rw-p 00000000 00:00 0 
7b0d8af00000-7b0d8af04000 ---p 00000000 00:00 0 
7b0d8af04000-7b0d8b000000 rw-p 00000000 00:00 0 
7b0d8b000000-7b0d8b3f0000 rw-p 00000000 00:00 0 
7b0d8b3f0000-7b0d8bd70000 rw-p 00000000 00:00 0 
7b0d8bd70000-7b0d8bdf0000 rw-p 00000000 00:00 0 
7b0d8bdf0000-7b0d8c0f0000 rw-p 00000000 00:00 0 
7b0d8c0f0000-7b0d8c1f0000 rw-p 00000000 00:00 0 
7b0d8c1f0000-7b0d8caf0000 rw-p 00000000 00:00 0 
7b0d8caf0000-7b0d8cbf0000 rw-p 00000000 00:00 0 
7b0d8cbf0000-7b0d8d8f0000 rw-p 00000000 00:00 0 
7b0d8d8f0000-7b0d8d9f0000 rw-p 00000000 00:00 0 
7b0d8d9f0000-7b0d8ed70000 rw-p 00000000 00:00 0 
7b0d8ed70000-7b0d8eec0000 rw-p 00000000 00:00 0 
7b0d8eec0000-7b0d8ef00000 ---p 00000000 00:00 0 
7b0d8ef00000-7b0d8f000000 rw-p 00000000 00:00 0 
7b0d8f000000-7b0d8fbc9000 rw-p 00001000 fc:01 10253618                   /home/madhav-deshmukh/.jdks/ms-17.0.15/lib/server/classes.jsa
7b0d8fbc9000-7b0d90000000 ---p 00000000 00:00 0 
7b0d90000000-7b0d90030000 rw-p 00000000 00:00 0 
7b0d90030000-7b0d90070000 rw-p 00000000 00:00 0 
7b0d90070000-7b0d900b0000 rw-p 00000000 00:00 0 
7b0d900b0000-7b0d900f0000 rw-p 00000000 00:00 0 
7b0d900f0000-7b0d902b0000 rw-p 00000000 00:00 0 
7b0d902b0000-7b0d902f0000 rw-p 00000000 00:00 0 
7b0d902f0000-7b0d909d0000 rw-p 00000000 00:00 0 
7b0d909d0000-7b0d909f0000 rw-p 00000000 00:00 0 
7b0d909f0000-7b0d90a30000 rw-p 00000000 00:00 0 
7b0d90a30000-7b0d90a60000 rw-p 00000000 00:00 0 
7b0d90a60000-7b0d90a80000 ---p 00000000 00:00 0 
7b0d90a80000-7b0d90aa0000 rw-p 00000000 00:00 0 
7b0d90aa0000-7b0dd0000000 ---p 00000000 00:00 0 
7b0dd0000000-7b0dd0021000 rw-p 00000000 00:00 0 
7b0dd0021000-7b0dd4000000 ---p 00000000 00:00 0 
7b0dd4000000-7b0dd4021000 rw-p 00000000 00:00 0 
7b0dd4021000-7b0dd8000000 ---p 00000000 00:00 0 
7b0dd8000000-7b0dd8021000 rw-p 00000000 00:00 0 
7b0dd8021000-7b0ddc000000 ---p 00000000 00:00 0 
7b0ddc000000-7b0ddc021000 rw-p 00000000 00:00 0 
7b0ddc021000-7b0de0000000 ---p 00000000 00:00 0 
7b0de0000000-7b0de0021000 rw-p 00000000 00:00 0 
7b0de0021000-7b0de4000000 ---p 00000000 00:00 0 
7b0de4027000-7b0de4028000 ---p 00000000 00:00 0 
7b0de4028000-7b0de4128000 rw-p 00000000 00:00 0 
7b0de4128000-7b0de41f6000 r-xp 00000000 fc:01 10253558                   /home/madhav-deshmukh/.jdks/ms-17.0.15/lib/libjsvml.so
7b0de41f6000-7b0de41f7000 r--p 000cd000 fc:01 10253558                   /home/madhav-deshmukh/.jdks/ms-17.0.15/lib/libjsvml.so
7b0de41f7000-7b0de41f8000 rw-p 000ce000 fc:01 10253558                   /home/madhav-deshmukh/.jdks/ms-17.0.15/lib/libjsvml.so
7b0de41f8000-7b0de41f9000 ---p 00000000 00:00 0 
7b0de41f9000-7b0de42f9000 rw-p 00000000 00:00 0 
7b0de42f9000-7b0de42fa000 ---p 00000000 00:00 0 
7b0de42fa000-7b0de43fa000 rw-p 00000000 00:00 0 
7b0de43fa000-7b0de6ea0000 rw-p 00000000 00:00 0 
7b0de6ea0000-7b0de71b0000 ---p 00000000 00:00 0 
7b0de71b0000-7b0de71c0000 rw-p 00000000 00:00 0 
7b0de71c0000-7b0dee5e0000 ---p 00000000 00:00 0 
7b0dee5e0000-7b0deeaa0000 rw-p 00000000 00:00 0 
7b0deeaa0000-7b0deedb0000 ---p 00000000 00:00 0 
7b0deedb0000-7b0deedc0000 rw-p 00000000 00:00 0 
7b0deedc0000-7b0df61e0000 ---p 00000000 00:00 0 
7b0df61e0000-7b0df6200000 rw-p 00000000 00:00 0 
7b0df627f000-7b0df6414000 rw-p 00000000 00:00 0 
7b0df6414000-7b0df6476000 ---p 00000000 00:00 0 
7b0df6476000-7b0df6478000 rw-p 00000000 00:00 0 
7b0df6478000-7b0df72fc000 ---p 00000000 00:00 0 
7b0df72fc000-7b0df7394000 rw-p 00000000 00:00 0 
7b0df7394000-7b0df73f6000 ---p 00000000 00:00 0 
7b0df73f6000-7b0df73f8000 rw-p 00000000 00:00 0 
7b0df73f8000-7b0df827c000 ---p 00000000 00:00 0 
7b0df827c000-7b0df8314000 rw-p 00000000 00:00 0 
7b0df8314000-7b0df8376000 ---p 00000000 00:00 0 
7b0df8376000-7b0df8378000 rw-p 00000000 00:00 0 
7b0df8378000-7b0df91fc000 ---p 00000000 00:00 0 
7b0df91fc000-7b0df9200000 rw-p 00000000 00:00 0 
7b0df9200000-7b0df9ca0000 rwxp 00000000 00:00 0 
7b0df9ca0000-7b0e00737000 ---p 00000000 00:00 0 
7b0e00737000-7b0e009a7000 rwxp 00000000 00:00 0 
7b0e009a7000-7b0e00cc9000 ---p 00000000 00:00 0 
7b0e00cc9000-7b0e01159000 rwxp 00000000 00:00 0 
7b0e01159000-7b0e08200000 ---p 00000000 00:00 0 
7b0e08200000-7b0e0fe08000 r--s 00000000 fc:01 10253555                   /home/madhav-deshmukh/.jdks/ms-17.0.15/lib/modules
7b0e0fe23000-7b0e10000000 rw-p 00000000 00:00 0 
7b0e10000000-7b0e107da000 rw-p 00000000 00:00 0 
7b0e107da000-7b0e14000000 ---p 00000000 00:00 0 
7b0e14025000-7b0e1402c000 r--s 00000000 fc:01 6818277                    /usr/lib/x86_64-linux-gnu/gconv/gconv-modules.cache
7b0e1402c000-7b0e14039000 r-xp 00000000 fc:01 10253542                   /home/madhav-deshmukh/.jdks/ms-17.0.15/lib/libverify.so
7b0e14039000-7b0e1403b000 r--p 0000c000 fc:01 10253542                   /home/madhav-deshmukh/.jdks/ms-17.0.15/lib/libverify.so
7b0e1403b000-7b0e1403c000 rw-p 0000e000 fc:01 10253542                   /home/madhav-deshmukh/.jdks/ms-17.0.15/lib/libverify.so
7b0e1403c000-7b0e1407d000 rw-p 00000000 00:00 0 
7b0e1407e000-7b0e14084000 r-xp 00000000 fc:01 10253532                   /home/madhav-deshmukh/.jdks/ms-17.0.15/lib/libmanagement_ext.so
7b0e14084000-7b0e14085000 r--p 00005000 fc:01 10253532                   /home/madhav-deshmukh/.jdks/ms-17.0.15/lib/libmanagement_ext.so
7b0e14085000-7b0e14086000 rw-p 00006000 fc:01 10253532                   /home/madhav-deshmukh/.jdks/ms-17.0.15/lib/libmanagement_ext.so
7b0e14086000-7b0e1409b000 r-xp 00000000 fc:01 10253556                   /home/madhav-deshmukh/.jdks/ms-17.0.15/lib/libnet.so
7b0e1409b000-7b0e1409c000 ---p 00015000 fc:01 10253556                   /home/madhav-deshmukh/.jdks/ms-17.0.15/lib/libnet.so
7b0e1409c000-7b0e1409d000 r--p 00015000 fc:01 10253556                   /home/madhav-deshmukh/.jdks/ms-17.0.15/lib/libnet.so
7b0e1409d000-7b0e1409e000 rw-p 00016000 fc:01 10253556                   /home/madhav-deshmukh/.jdks/ms-17.0.15/lib/libnet.so
7b0e1409e000-7b0e140b1000 r-xp 00000000 fc:01 10253550                   /home/madhav-deshmukh/.jdks/ms-17.0.15/lib/libnio.so
7b0e140b1000-7b0e140b2000 ---p 00013000 fc:01 10253550                   /home/madhav-deshmukh/.jdks/ms-17.0.15/lib/libnio.so
7b0e140b2000-7b0e140b3000 r--p 00013000 fc:01 10253550                   /home/madhav-deshmukh/.jdks/ms-17.0.15/lib/libnio.so
7b0e140b3000-7b0e140b4000 rw-p 00014000 fc:01 10253550                   /home/madhav-deshmukh/.jdks/ms-17.0.15/lib/libnio.so
7b0e140b4000-7b0e142b6000 rw-p 00000000 00:00 0 
7b0e142b6000-7b0e142b7000 ---p 00000000 00:00 0 
7b0e142b7000-7b0e143b7000 rw-p 00000000 00:00 0 
7b0e143b7000-7b0e143b8000 ---p 00000000 00:00 0 
7b0e143b8000-7b0e144b8000 rw-p 00000000 00:00 0 
7b0e144b8000-7b0e144b9000 ---p 00000000 00:00 0 
7b0e144b9000-7b0e145b9000 rw-p 00000000 00:00 0 
7b0e145b9000-7b0e1504d000 rw-p 00000000 00:00 0 
7b0e1504d000-7b0e1512e000 ---p 00000000 00:00 0 
7b0e1512e000-7b0e15144000 rw-p 00000000 00:00 0 
7b0e15144000-7b0e15219000 ---p 00000000 00:00 0 
7b0e15219000-7b0e1521d000 ---p 00000000 00:00 0 
7b0e1521d000-7b0e15319000 rw-p 00000000 00:00 0 
7b0e15319000-7b0e15327000 r--p 00000000 fc:01 6817914                    /usr/lib/x86_64-linux-gnu/libm.so.6
7b0e15327000-7b0e153a3000 r-xp 0000e000 fc:01 6817914                    /usr/lib/x86_64-linux-gnu/libm.so.6
7b0e153a3000-7b0e153fe000 r--p 0008a000 fc:01 6817914                    /usr/lib/x86_64-linux-gnu/libm.so.6
7b0e153fe000-7b0e153ff000 r--p 000e4000 fc:01 6817914                    /usr/lib/x86_64-linux-gnu/libm.so.6
7b0e153ff000-7b0e15400000 rw-p 000e5000 fc:01 6817914                    /usr/lib/x86_64-linux-gnu/libm.so.6
7b0e15400000-7b0e16633000 r-xp 00000000 fc:01 10253581                   /home/madhav-deshmukh/.jdks/ms-17.0.15/lib/server/libjvm.so
7b0e16633000-7b0e16634000 ---p 01233000 fc:01 10253581                   /home/madhav-deshmukh/.jdks/ms-17.0.15/lib/server/libjvm.so
7b0e16634000-7b0e166ed000 r--p 01233000 fc:01 10253581                   /home/madhav-deshmukh/.jdks/ms-17.0.15/lib/server/libjvm.so
7b0e166ed000-7b0e16722000 rw-p 012ec000 fc:01 10253581                   /home/madhav-deshmukh/.jdks/ms-17.0.15/lib/server/libjvm.so
7b0e16722000-7b0e1677d000 rw-p 00000000 00:00 0 
7b0e16782000-7b0e16800000 rw-p 00000000 00:00 0 
7b0e16800000-7b0e16828000 r--p 00000000 fc:01 6817910                    /usr/lib/x86_64-linux-gnu/libc.so.6
7b0e16828000-7b0e169bd000 r-xp 00028000 fc:01 6817910                    /usr/lib/x86_64-linux-gnu/libc.so.6
7b0e169bd000-7b0e16a15000 r--p 001bd000 fc:01 6817910                    /usr/lib/x86_64-linux-gnu/libc.so.6
7b0e16a15000-7b0e16a16000 ---p 00215000 fc:01 6817910                    /usr/lib/x86_64-linux-gnu/libc.so.6
7b0e16a16000-7b0e16a1a000 r--p 00215000 fc:01 6817910                    /usr/lib/x86_64-linux-gnu/libc.so.6
7b0e16a1a000-7b0e16a1c000 rw-p 00219000 fc:01 6817910                    /usr/lib/x86_64-linux-gnu/libc.so.6
7b0e16a1c000-7b0e16a29000 rw-p 00000000 00:00 0 
7b0e16a2f000-7b0e16a33000 r-xp 00000000 fc:01 10253533                   /home/madhav-deshmukh/.jdks/ms-17.0.15/lib/libmanagement.so
7b0e16a33000-7b0e16a34000 r--p 00003000 fc:01 10253533                   /home/madhav-deshmukh/.jdks/ms-17.0.15/lib/libmanagement.so
7b0e16a34000-7b0e16a35000 rw-p 00004000 fc:01 10253533                   /home/madhav-deshmukh/.jdks/ms-17.0.15/lib/libmanagement.so
7b0e16a35000-7b0e16a37000 r-xp 00000000 fc:01 10253562                   /home/madhav-deshmukh/.jdks/ms-17.0.15/lib/libextnet.so
7b0e16a37000-7b0e16a38000 r--p 00001000 fc:01 10253562                   /home/madhav-deshmukh/.jdks/ms-17.0.15/lib/libextnet.so
7b0e16a38000-7b0e16a39000 rw-p 00002000 fc:01 10253562                   /home/madhav-deshmukh/.jdks/ms-17.0.15/lib/libextnet.so
7b0e16a39000-7b0e16a40000 r-xp 00000000 fc:01 10253582                   /home/madhav-deshmukh/.jdks/ms-17.0.15/lib/libzip.so
7b0e16a40000-7b0e16a41000 ---p 00007000 fc:01 10253582                   /home/madhav-deshmukh/.jdks/ms-17.0.15/lib/libzip.so
7b0e16a41000-7b0e16a42000 r--p 00007000 fc:01 10253582                   /home/madhav-deshmukh/.jdks/ms-17.0.15/lib/libzip.so
7b0e16a42000-7b0e16a43000 rw-p 00008000 fc:01 10253582                   /home/madhav-deshmukh/.jdks/ms-17.0.15/lib/libzip.so
7b0e16a43000-7b0e16a48000 rw-p 00000000 00:00 0 
7b0e16a48000-7b0e16a4f000 ---p 00000000 00:00 0 
7b0e16a4f000-7b0e16a57000 rw-s 00000000 fc:01 19267638                   /tmp/hsperfdata_madhav-deshmukh/477374
7b0e16a57000-7b0e16a7b000 r-xp 00000000 fc:01 10253529                   /home/madhav-deshmukh/.jdks/ms-17.0.15/lib/libjava.so
7b0e16a7b000-7b0e16a7c000 ---p 00024000 fc:01 10253529                   /home/madhav-deshmukh/.jdks/ms-17.0.15/lib/libjava.so
7b0e16a7c000-7b0e16a7d000 r--p 00024000 fc:01 10253529                   /home/madhav-deshmukh/.jdks/ms-17.0.15/lib/libjava.so
7b0e16a7d000-7b0e16a7e000 rw-p 00025000 fc:01 10253529                   /home/madhav-deshmukh/.jdks/ms-17.0.15/lib/libjava.so
7b0e16a7e000-7b0e16a7f000 rw-p 00000000 00:00 0 
7b0e16a7f000-7b0e16a9a000 r-xp 00000000 fc:01 10253543                   /home/madhav-deshmukh/.jdks/ms-17.0.15/lib/libjimage.so
7b0e16a9a000-7b0e16a9b000 ---p 0001b000 fc:01 10253543                   /home/madhav-deshmukh/.jdks/ms-17.0.15/lib/libjimage.so
7b0e16a9b000-7b0e16a9d000 r--p 0001b000 fc:01 10253543                   /home/madhav-deshmukh/.jdks/ms-17.0.15/lib/libjimage.so
7b0e16a9d000-7b0e16a9e000 rw-p 0001d000 fc:01 10253543                   /home/madhav-deshmukh/.jdks/ms-17.0.15/lib/libjimage.so
7b0e16a9e000-7b0e16a9f000 r--p 00000000 fc:01 6817944                    /usr/lib/x86_64-linux-gnu/librt.so.1
7b0e16a9f000-7b0e16aa0000 r-xp 00001000 fc:01 6817944                    /usr/lib/x86_64-linux-gnu/librt.so.1
7b0e16aa0000-7b0e16aa1000 r--p 00002000 fc:01 6817944                    /usr/lib/x86_64-linux-gnu/librt.so.1
7b0e16aa1000-7b0e16aa2000 r--p 00002000 fc:01 6817944                    /usr/lib/x86_64-linux-gnu/librt.so.1
7b0e16aa2000-7b0e16aa3000 rw-p 00003000 fc:01 6817944                    /usr/lib/x86_64-linux-gnu/librt.so.1
7b0e16aa3000-7b0e16aa7000 rw-p 00000000 00:00 0 
7b0e16aa7000-7b0e16aa8000 r--p 00000000 fc:01 6817913                    /usr/lib/x86_64-linux-gnu/libdl.so.2
7b0e16aa8000-7b0e16aa9000 r-xp 00001000 fc:01 6817913                    /usr/lib/x86_64-linux-gnu/libdl.so.2
7b0e16aa9000-7b0e16aaa000 r--p 00002000 fc:01 6817913                    /usr/lib/x86_64-linux-gnu/libdl.so.2
7b0e16aaa000-7b0e16aab000 r--p 00002000 fc:01 6817913                    /usr/lib/x86_64-linux-gnu/libdl.so.2
7b0e16aab000-7b0e16aac000 rw-p 00003000 fc:01 6817913                    /usr/lib/x86_64-linux-gnu/libdl.so.2
7b0e16aac000-7b0e16aad000 r--p 00000000 fc:01 6817939                    /usr/lib/x86_64-linux-gnu/libpthread.so.0
7b0e16aad000-7b0e16aae000 r-xp 00001000 fc:01 6817939                    /usr/lib/x86_64-linux-gnu/libpthread.so.0
7b0e16aae000-7b0e16aaf000 r--p 00002000 fc:01 6817939                    /usr/lib/x86_64-linux-gnu/libpthread.so.0
7b0e16aaf000-7b0e16ab0000 r--p 00002000 fc:01 6817939                    /usr/lib/x86_64-linux-gnu/libpthread.so.0
7b0e16ab0000-7b0e16ab1000 rw-p 00003000 fc:01 6817939                    /usr/lib/x86_64-linux-gnu/libpthread.so.0
7b0e16ab1000-7b0e16abf000 r-xp 00000000 fc:01 10253551                   /home/madhav-deshmukh/.jdks/ms-17.0.15/lib/libjli.so
7b0e16abf000-7b0e16ac0000 ---p 0000e000 fc:01 10253551                   /home/madhav-deshmukh/.jdks/ms-17.0.15/lib/libjli.so
7b0e16ac0000-7b0e16ac1000 r--p 0000e000 fc:01 10253551                   /home/madhav-deshmukh/.jdks/ms-17.0.15/lib/libjli.so
7b0e16ac1000-7b0e16ac2000 rw-p 0000f000 fc:01 10253551                   /home/madhav-deshmukh/.jdks/ms-17.0.15/lib/libjli.so
7b0e16ac2000-7b0e16ac4000 r--p 00000000 fc:01 6845014                    /usr/lib/x86_64-linux-gnu/libz.so.1.2.11
7b0e16ac4000-7b0e16ad5000 r-xp 00002000 fc:01 6845014                    /usr/lib/x86_64-linux-gnu/libz.so.1.2.11
7b0e16ad5000-7b0e16adb000 r--p 00013000 fc:01 6845014                    /usr/lib/x86_64-linux-gnu/libz.so.1.2.11
7b0e16adb000-7b0e16adc000 ---p 00019000 fc:01 6845014                    /usr/lib/x86_64-linux-gnu/libz.so.1.2.11
7b0e16adc000-7b0e16add000 r--p 00019000 fc:01 6845014                    /usr/lib/x86_64-linux-gnu/libz.so.1.2.11
7b0e16add000-7b0e16ade000 rw-p 0001a000 fc:01 6845014                    /usr/lib/x86_64-linux-gnu/libz.so.1.2.11
7b0e16ae1000-7b0e16aeb000 r-xp 00000000 fc:01 10253565                   /home/madhav-deshmukh/.jdks/ms-17.0.15/lib/libinstrument.so
7b0e16aeb000-7b0e16aec000 r--p 00009000 fc:01 10253565                   /home/madhav-deshmukh/.jdks/ms-17.0.15/lib/libinstrument.so
7b0e16aec000-7b0e16aed000 rw-p 0000a000 fc:01 10253565                   /home/madhav-deshmukh/.jdks/ms-17.0.15/lib/libinstrument.so
7b0e16aed000-7b0e16aee000 ---p 00000000 00:00 0 
7b0e16aee000-7b0e16aef000 r--p 00000000 00:00 0 
7b0e16aef000-7b0e16af1000 rw-p 00000000 00:00 0 
7b0e16af1000-7b0e16af3000 r--p 00000000 fc:01 6817901                    /usr/lib/x86_64-linux-gnu/ld-linux-x86-64.so.2
7b0e16af3000-7b0e16b1d000 r-xp 00002000 fc:01 6817901                    /usr/lib/x86_64-linux-gnu/ld-linux-x86-64.so.2
7b0e16b1d000-7b0e16b28000 r--p 0002c000 fc:01 6817901                    /usr/lib/x86_64-linux-gnu/ld-linux-x86-64.so.2
7b0e16b28000-7b0e16b29000 ---p 00000000 00:00 0 
7b0e16b29000-7b0e16b2b000 r--p 00037000 fc:01 6817901                    /usr/lib/x86_64-linux-gnu/ld-linux-x86-64.so.2
7b0e16b2b000-7b0e16b2d000 rw-p 00039000 fc:01 6817901                    /usr/lib/x86_64-linux-gnu/ld-linux-x86-64.so.2
7ffeff8b0000-7ffeff8d3000 rw-p 00000000 00:00 0                          [stack]
7ffeff9d0000-7ffeff9d4000 r--p 00000000 00:00 0                          [vvar]
7ffeff9d4000-7ffeff9d6000 r-xp 00000000 00:00 0                          [vdso]
ffffffffff600000-ffffffffff601000 --xp 00000000 00:00 0                  [vsyscall]


VM Arguments:
jvm_args: -javaagent:/snap/intellij-idea-community/639/lib/idea_rt.jar=37627 -Dfile.encoding=UTF-8 
java_command: com.eazybytes.accounts.AccountsApplication
java_class_path (initial): /home/madhav-deshmukh/Documents/MDP/Microservices-lecs/section6/v1-springboot/accounts/target/classes:/home/madhav-deshmukh/.m2/repository/org/springframework/boot/spring-boot-starter-actuator/3.3.13/spring-boot-starter-actuator-3.3.13.jar:/home/madhav-deshmukh/.m2/repository/org/springframework/boot/spring-boot-starter/3.3.13/spring-boot-starter-3.3.13.jar:/home/madhav-deshmukh/.m2/repository/org/springframework/boot/spring-boot-starter-logging/3.3.13/spring-boot-starter-logging-3.3.13.jar:/home/madhav-deshmukh/.m2/repository/ch/qos/logback/logback-classic/1.5.18/logback-classic-1.5.18.jar:/home/madhav-deshmukh/.m2/repository/ch/qos/logback/logback-core/1.5.18/logback-core-1.5.18.jar:/home/madhav-deshmukh/.m2/repository/org/apache/logging/log4j/log4j-to-slf4j/2.23.1/log4j-to-slf4j-2.23.1.jar:/home/madhav-deshmukh/.m2/repository/org/apache/logging/log4j/log4j-api/2.23.1/log4j-api-2.23.1.jar:/home/madhav-deshmukh/.m2/repository/org/slf4j/jul-to-slf4j/2.0.17/jul-to-slf4j-2.0.17.jar:/home/madhav-deshmukh/.m2/repository/jakarta/annotation/jakarta.annotation-api/2.1.1/jakarta.annotation-api-2.1.1.jar:/home/madhav-deshmukh/.m2/repository/org/yaml/snakeyaml/2.2/snakeyaml-2.2.jar:/home/madhav-deshmukh/.m2/repository/org/springframework/boot/spring-boot-actuator-autoconfigure/3.3.13/spring-boot-actuator-autoconfigure-3.3.13.jar:/home/madhav-deshmukh/.m2/repository/org/springframework/boot/spring-boot-actuator/3.3.13/spring-boot-actuator-3.3.13.jar:/home/madhav-deshmukh/.m2/repository/com/fasterxml/jackson/core/jackson-databind/2.17.3/jackson-databind-2.17.3.jar:/home/madhav-deshmukh/.m2/repository/com/fasterxml/jackson/core/jackson-annotations/2.17.3/jackson-annotations-2.17.3.jar:/home/madhav-deshmukh/.m2/repository/com/fasterxml/jackson/core/jackson-core/2.17.3/jackson-core-2.17.3.jar:/home/madhav-deshmukh/.m2/repository/com/fasterxml/jackson/datatype/jackson-datatype-jsr310/2.17.3/jackson-datatype-jsr310-2.17.3.jar:/home/madhav-deshmukh/.m2/re
Launcher Type: SUN_STANDARD

[Global flags]
     intx CICompilerCount                          = 4                                         {product} {ergonomic}
     uint ConcGCThreads                            = 3                                         {product} {ergonomic}
     uint G1ConcRefinementThreads                  = 10                                        {product} {ergonomic}
   size_t G1HeapRegionSize                         = 4194304                                   {product} {ergonomic}
    uintx GCDrainStackTargetSize                   = 64                                        {product} {ergonomic}
   size_t InitialHeapSize                          = 520093696                                 {product} {ergonomic}
   size_t MarkStackSize                            = 4194304                                   {product} {ergonomic}
   size_t MaxHeapSize                              = 8321499136                                {product} {ergonomic}
   size_t MaxNewSize                               = 4991221760                                {product} {ergonomic}
   size_t MinHeapDeltaBytes                        = 4194304                                   {product} {ergonomic}
   size_t MinHeapSize                              = 8388608                                   {product} {ergonomic}
    uintx NonNMethodCodeHeapSize                   = 5839372                                {pd product} {ergonomic}
    uintx NonProfiledCodeHeapSize                  = 122909434                              {pd product} {ergonomic}
    uintx ProfiledCodeHeapSize                     = 122909434                              {pd product} {ergonomic}
    uintx ReservedCodeCacheSize                    = 251658240                              {pd product} {ergonomic}
     bool SegmentedCodeCache                       = true                                      {product} {ergonomic}
   size_t SoftMaxHeapSize                          = 8321499136                             {manageable} {ergonomic}
     bool UseCompressedClassPointers               = true                           {product lp64_product} {ergonomic}
     bool UseCompressedOops                        = true                           {product lp64_product} {ergonomic}
     bool UseG1GC                                  = true                                      {product} {ergonomic}

Logging:
Log output configuration:
 #0: stdout all=warning uptime,level,tags
 #1: stderr all=off uptime,level,tags

Environment Variables:
PATH=/usr/local/sbin:/usr/local/bin:/usr/sbin:/usr/bin:/sbin:/bin:/usr/games:/usr/local/games:/snap/bin:/snap/bin
USERNAME=madhav-deshmukh
SHELL=/bin/bash
DISPLAY=:1
LANG=en_IN

Active Locale:
LC_ALL=en_IN
LC_COLLATE=en_IN
LC_CTYPE=en_IN
LC_MESSAGES=en_IN
LC_MONETARY=en_IN
LC_NUMERIC=en_IN
LC_TIME=en_IN

Signal Handlers:
   SIGSEGV: crash_handler in libjvm.so, mask=11100100010111111101111111111110, flags=SA_RESTART|SA_SIGINFO, unblocked
    SIGBUS: crash_handler in libjvm.so, mask=11100100010111111101111111111110, flags=SA_RESTART|SA_SIGINFO, unblocked
    SIGFPE: crash_handler in libjvm.so, mask=11100100010111111101111111111110, flags=SA_RESTART|SA_SIGINFO, unblocked
   SIGPIPE: javaSignalHandler in libjvm.so, mask=11100100010111111101111111111110, flags=SA_RESTART|SA_SIGINFO, blocked
   SIGXFSZ: javaSignalHandler in libjvm.so, mask=11100100010111111101111111111110, flags=SA_RESTART|SA_SIGINFO, blocked
    SIGILL: crash_handler in libjvm.so, mask=11100100010111111101111111111110, flags=SA_RESTART|SA_SIGINFO, unblocked
   SIGUSR2: SR_handler in libjvm.so, mask=00000000000000000000000000000000, flags=SA_RESTART|SA_SIGINFO, blocked
    SIGHUP: UserHandler in libjvm.so, mask=11100100010111111101111111111110, flags=SA_RESTART|SA_SIGINFO, blocked
    SIGINT: UserHandler in libjvm.so, mask=11100100010111111101111111111110, flags=SA_RESTART|SA_SIGINFO, blocked
   SIGTERM: UserHandler in libjvm.so, mask=11100100010111111101111111111110, flags=SA_RESTART|SA_SIGINFO, blocked
   SIGQUIT: UserHandler in libjvm.so, mask=11100100010111111101111111111110, flags=SA_RESTART|SA_SIGINFO, blocked
   SIGTRAP: crash_handler in libjvm.so, mask=11100100010111111101111111111110, flags=SA_RESTART|SA_SIGINFO, unblocked


Periodic native trim disabled


---------------  S Y S T E M  ---------------

OS:
DISTRIB_ID=Ubuntu
DISTRIB_RELEASE=22.04
DISTRIB_CODENAME=jammy
DISTRIB_DESCRIPTION="Ubuntu 22.04.5 LTS"
uname: Linux 6.8.0-65-generic #68~22.04.1-Ubuntu SMP PREEMPT_DYNAMIC Tue Jul 15 18:06:34 UTC 2 x86_64
OS uptime: 2 days 2:04 hours
libc: glibc 2.35 NPTL 2.35 
rlimit (soft/hard): STACK 8192k/infinity , CORE 0k/infinity , NPROC 126265/126265 , NOFILE 1048576/1048576 , AS infinity/infinity , CPU infinity/infinity , DATA infinity/infinity , FSIZE infinity/infinity , MEMLOCK 4063064k/4063064k
load average: 0.82 0.81 1.04

/proc/meminfo:
MemTotal:       32504528 kB
MemFree:         9509916 kB
MemAvailable:   21297204 kB
Buffers:          623828 kB
Cached:         11464480 kB
SwapCached:            0 kB
Active:         11970636 kB
Inactive:        8038280 kB
Active(anon):    8767836 kB
Inactive(anon):        0 kB
Active(file):    3202800 kB
Inactive(file):  8038280 kB
Unevictable:      629824 kB
Mlocked:             464 kB
SwapTotal:       2002940 kB
SwapFree:        2002940 kB
Zswap:                 0 kB
Zswapped:              0 kB
Dirty:               316 kB
Writeback:             0 kB
AnonPages:       8550472 kB
Mapped:          2814360 kB
Shmem:            847200 kB
KReclaimable:    1012116 kB
Slab:            1359632 kB
SReclaimable:    1012116 kB
SUnreclaim:       347516 kB
KernelStack:       32448 kB
PageTables:        96384 kB
SecPageTables:         0 kB
NFS_Unstable:          0 kB
Bounce:                0 kB
WritebackTmp:          0 kB
CommitLimit:    18255204 kB
Committed_AS:   35492628 kB
VmallocTotal:   34359738367 kB
VmallocUsed:      514248 kB
VmallocChunk:          0 kB
Percpu:            17232 kB
HardwareCorrupted:     0 kB
AnonHugePages:         0 kB
ShmemHugePages:   573440 kB
ShmemPmdMapped:        0 kB
FileHugePages:         0 kB
FilePmdMapped:         0 kB
Unaccepted:            0 kB
HugePages_Total:       0
HugePages_Free:        0
HugePages_Rsvd:        0
HugePages_Surp:        0
Hugepagesize:       2048 kB
Hugetlb:               0 kB
DirectMap4k:      358592 kB
DirectMap2M:     7667712 kB
DirectMap1G:    26214400 kB

/sys/kernel/mm/transparent_hugepage/enabled: always [madvise] never
/sys/kernel/mm/transparent_hugepage/hpage_pmd_size: 2097152
/sys/kernel/mm/transparent_hugepage/defrag (defrag/compaction efforts parameter): always defer defer+madvise [madvise] never

Process Memory:
Virtual Size: 13679800K (peak: 13679800K)
Resident Set Size: 421852K (peak: 421852K) (anon: 399500K, file: 22352K, shmem: 0K)
Swapped out: 0K
C-Heap outstanding allocations: 64438K, retained: 110217K
glibc malloc tunables: (default)

/proc/sys/kernel/threads-max (system-wide limit on the number of threads): 252531
/proc/sys/vm/max_map_count (maximum number of memory map areas a process may have): 65530
/proc/sys/vm/swappiness (control to define how aggressively the kernel swaps out anonymous memory): 60
/proc/sys/kernel/pid_max (system-wide limit on number of process identifiers): 4194304

container (cgroup) information:
container_type: cgroupv2
cpu_cpuset_cpus: not supported
cpu_memory_nodes: not supported
active_processor_count: 12
cpu_quota: not supported
cpu_period: not supported
cpu_shares: not supported
memory_limit_in_bytes: unlimited
memory_and_swap_limit_in_bytes: unlimited
memory_soft_limit_in_bytes: unlimited
memory_usage_in_bytes: 3675520 k
memory_max_usage_in_bytes: not supported
memory_swap_current_in_bytes: unlimited
memory_swap_max_limit_in_bytes: unlimited
maximum number of tasks: 37879
current number of tasks: 317

Steal ticks since vm start: 0
Steal ticks percentage since vm start:  0.000

CPU: total 12 (initial active 12) (6 cores per cpu, 2 threads per core) family 6 model 186 stepping 3 microcode 0x4128, cx8, cmov, fxsr, ht, mmx, 3dnowpref, sse, sse2, sse3, ssse3, sse4.1, sse4.2, popcnt, lzcnt, tsc, tscinvbit, avx, avx2, aes, erms, clmul, bmi1, bmi2, adx, sha, fma, vzeroupper, clflush, clflushopt, clwb
CPU Model and flags from /proc/cpuinfo:
model name	: 13th Gen Intel(R) Core(TM) i5-1345U
flags		: fpu vme de pse tsc msr pae mce cx8 apic sep mtrr pge mca cmov pat pse36 clflush dts acpi mmx fxsr sse sse2 ss ht tm pbe syscall nx pdpe1gb rdtscp lm constant_tsc art arch_perfmon pebs bts rep_good nopl xtopology nonstop_tsc cpuid aperfmperf tsc_known_freq pni pclmulqdq dtes64 monitor ds_cpl vmx smx est tm2 ssse3 sdbg fma cx16 xtpr pdcm sse4_1 sse4_2 x2apic movbe popcnt tsc_deadline_timer aes xsave avx f16c rdrand lahf_lm abm 3dnowprefetch cpuid_fault epb ssbd ibrs ibpb stibp ibrs_enhanced tpr_shadow flexpriority ept vpid ept_ad fsgsbase tsc_adjust bmi1 avx2 smep bmi2 erms invpcid rdseed adx smap clflushopt clwb intel_pt sha_ni xsaveopt xsavec xgetbv1 xsaves split_lock_detect user_shstk avx_vnni dtherm ida arat pln pts hwp hwp_notify hwp_act_window hwp_epp hwp_pkg_req hfi vnmi umip pku ospke waitpkg gfni vaes vpclmulqdq tme rdpid movdiri movdir64b fsrm md_clear serialize pconfig arch_lbr ibt flush_l1d arch_capabilities

Online cpus: 0-11
Offline cpus: 
BIOS frequency limitation: <Not Available>
Frequency switch latency (ns): 0
Available cpu frequencies: <Not Available>
Current governor: powersave
Core performance/turbo boost: <Not Available>

Memory: 4k page, physical 32504528k(9509916k free), swap 2002940k(2002940k free)
Page Sizes: 4k

vm_info: OpenJDK 64-Bit Server VM (17.0.15+6-LTS) for linux-amd64 JRE (17.0.15+6-LTS), built on Apr  9 2025 22:12:21 by "MicrosoftCorporation" with gcc 11.3.0

END.
